<?xml version="1.0" encoding="UTF-8"?>
<!-- Generated by org.testng.reporters.JUnitXMLReporter -->
<testsuite ignored="0" hostname="ajay-singh-lodhi" failures="14" tests="16" name="Test" time="12.885" errors="0" timestamp="2021-10-04T18:32:00 IST">
  <testcase classname="ExtentReport.extentreports" name="test" time="3.284"/>
  <testcase classname="ExtentReport.extentreports" name="test1" time="3.248"/>
  <testcase classname="ExtentReport.extentreports" name="test10" time="0.413">
    <failure type="org.openqa.selenium.WebDriverException" message="unknown error: Chrome failed to start: exited abnormally.
  (unknown error: DevToolsActivePort file doesn&amp;apos;t exist)
  (The process started from chrome location /usr/bin/google-chrome is no longer running, so ChromeDriver is assuming that Chrome has crashed.)
Build info: version: &amp;apos;3.141.59&amp;apos;, revision: &amp;apos;e82be7d358&amp;apos;, time: &amp;apos;2018-11-14T08:25:53&amp;apos;
System info: host: &amp;apos;ajay-singh-lodhi&amp;apos;, ip: &amp;apos;192.168.2.130&amp;apos;, os.name: &amp;apos;Linux&amp;apos;, os.arch: &amp;apos;amd64&amp;apos;, os.version: &amp;apos;4.15.0-158-generic&amp;apos;, java.version: &amp;apos;16.0.2&amp;apos;
Driver info: driver.version: ChromeDriver
remote stacktrace: #0 0x561b0e81ac43 &amp;lt;unknown&amp;gt;
#1 0x561b0e3024e8 &amp;lt;unknown&amp;gt;
#2 0x561b0e32574f &amp;lt;unknown&amp;gt;
#3 0x561b0e32131f &amp;lt;unknown&amp;gt;
#4 0x561b0e35b2e5 &amp;lt;unknown&amp;gt;
#5 0x561b0e3556b3 &amp;lt;unknown&amp;gt;
#6 0x561b0e32ba84 &amp;lt;unknown&amp;gt;
#7 0x561b0e32ca75 &amp;lt;unknown&amp;gt;
#8 0x561b0e849f4e &amp;lt;unknown&amp;gt;
#9 0x561b0e85f997 &amp;lt;unknown&amp;gt;
#10 0x561b0e84aea5 &amp;lt;unknown&amp;gt;
#11 0x561b0e860de5 &amp;lt;unknown&amp;gt;
#12 0x561b0e83f5eb &amp;lt;unknown&amp;gt;
#13 0x561b0e87b358 &amp;lt;unknown&amp;gt;
#14 0x561b0e87b4d8 &amp;lt;unknown&amp;gt;
#15 0x561b0e89648d &amp;lt;unknown&amp;gt;
#16 0x7f640cffb6db start_thread
">
      <![CDATA[org.openqa.selenium.WebDriverException: unknown error: Chrome failed to start: exited abnormally.
  (unknown error: DevToolsActivePort file doesn't exist)
  (The process started from chrome location /usr/bin/google-chrome is no longer running, so ChromeDriver is assuming that Chrome has crashed.)
Build info: version: '3.141.59', revision: 'e82be7d358', time: '2018-11-14T08:25:53'
System info: host: 'ajay-singh-lodhi', ip: '192.168.2.130', os.name: 'Linux', os.arch: 'amd64', os.version: '4.15.0-158-generic', java.version: '16.0.2'
Driver info: driver.version: ChromeDriver
remote stacktrace: #0 0x561b0e81ac43 <unknown>
#1 0x561b0e3024e8 <unknown>
#2 0x561b0e32574f <unknown>
#3 0x561b0e32131f <unknown>
#4 0x561b0e35b2e5 <unknown>
#5 0x561b0e3556b3 <unknown>
#6 0x561b0e32ba84 <unknown>
#7 0x561b0e32ca75 <unknown>
#8 0x561b0e849f4e <unknown>
#9 0x561b0e85f997 <unknown>
#10 0x561b0e84aea5 <unknown>
#11 0x561b0e860de5 <unknown>
#12 0x561b0e83f5eb <unknown>
#13 0x561b0e87b358 <unknown>
#14 0x561b0e87b4d8 <unknown>
#15 0x561b0e89648d <unknown>
#16 0x7f640cffb6db start_thread

at org.openqa.selenium.remote.W3CHandshakeResponse.lambda$errorHandler$0(W3CHandshakeResponse.java:62)
at org.openqa.selenium.remote.HandshakeResponse.lambda$getResponseFunction$0(HandshakeResponse.java:30)
at org.openqa.selenium.remote.ProtocolHandshake.lambda$createSession$0(ProtocolHandshake.java:126)
at java.base/java.util.stream.ReferencePipeline$3$1.accept(ReferencePipeline.java:197)
at java.base/java.util.Spliterators$ArraySpliterator.tryAdvance(Spliterators.java:958)
at java.base/java.util.stream.ReferencePipeline.forEachWithCancel(ReferencePipeline.java:129)
at java.base/java.util.stream.AbstractPipeline.copyIntoWithCancel(AbstractPipeline.java:502)
at java.base/java.util.stream.AbstractPipeline.copyInto(AbstractPipeline.java:488)
at java.base/java.util.stream.AbstractPipeline.wrapAndCopyInto(AbstractPipeline.java:474)
at java.base/java.util.stream.FindOps$FindOp.evaluateSequential(FindOps.java:150)
at java.base/java.util.stream.AbstractPipeline.evaluate(AbstractPipeline.java:234)
at java.base/java.util.stream.ReferencePipeline.findFirst(ReferencePipeline.java:647)
at org.openqa.selenium.remote.ProtocolHandshake.createSession(ProtocolHandshake.java:128)
at org.openqa.selenium.remote.ProtocolHandshake.createSession(ProtocolHandshake.java:74)
at org.openqa.selenium.remote.HttpCommandExecutor.execute(HttpCommandExecutor.java:136)
at org.openqa.selenium.remote.service.DriverCommandExecutor.execute(DriverCommandExecutor.java:83)
at org.openqa.selenium.remote.RemoteWebDriver.execute(RemoteWebDriver.java:552)
at org.openqa.selenium.remote.RemoteWebDriver.startSession(RemoteWebDriver.java:213)
at org.openqa.selenium.remote.RemoteWebDriver.<init>(RemoteWebDriver.java:131)
at org.openqa.selenium.chrome.ChromeDriver.<init>(ChromeDriver.java:181)
at org.openqa.selenium.chrome.ChromeDriver.<init>(ChromeDriver.java:168)
at org.openqa.selenium.chrome.ChromeDriver.<init>(ChromeDriver.java:123)
at ExtentReport.extentreports.test10(extentreports.java:266)
at java.base/java.util.ArrayList.forEach(ArrayList.java:1511)
... Removed 32 stack frames]]>
    </failure>
  </testcase> <!-- test10 -->
  <testcase classname="ExtentReport.extentreports" name="test11" time="0.436">
    <failure type="org.openqa.selenium.WebDriverException" message="unknown error: Chrome failed to start: exited abnormally.
  (unknown error: DevToolsActivePort file doesn&amp;apos;t exist)
  (The process started from chrome location /usr/bin/google-chrome is no longer running, so ChromeDriver is assuming that Chrome has crashed.)
Build info: version: &amp;apos;3.141.59&amp;apos;, revision: &amp;apos;e82be7d358&amp;apos;, time: &amp;apos;2018-11-14T08:25:53&amp;apos;
System info: host: &amp;apos;ajay-singh-lodhi&amp;apos;, ip: &amp;apos;192.168.2.130&amp;apos;, os.name: &amp;apos;Linux&amp;apos;, os.arch: &amp;apos;amd64&amp;apos;, os.version: &amp;apos;4.15.0-158-generic&amp;apos;, java.version: &amp;apos;16.0.2&amp;apos;
Driver info: driver.version: ChromeDriver
remote stacktrace: #0 0x557c95e99c43 &amp;lt;unknown&amp;gt;
#1 0x557c959814e8 &amp;lt;unknown&amp;gt;
#2 0x557c959a474f &amp;lt;unknown&amp;gt;
#3 0x557c959a031f &amp;lt;unknown&amp;gt;
#4 0x557c959da2e5 &amp;lt;unknown&amp;gt;
#5 0x557c959d46b3 &amp;lt;unknown&amp;gt;
#6 0x557c959aaa84 &amp;lt;unknown&amp;gt;
#7 0x557c959aba75 &amp;lt;unknown&amp;gt;
#8 0x557c95ec8f4e &amp;lt;unknown&amp;gt;
#9 0x557c95ede997 &amp;lt;unknown&amp;gt;
#10 0x557c95ec9ea5 &amp;lt;unknown&amp;gt;
#11 0x557c95edfde5 &amp;lt;unknown&amp;gt;
#12 0x557c95ebe5eb &amp;lt;unknown&amp;gt;
#13 0x557c95efa358 &amp;lt;unknown&amp;gt;
#14 0x557c95efa4d8 &amp;lt;unknown&amp;gt;
#15 0x557c95f1548d &amp;lt;unknown&amp;gt;
#16 0x7f38772fa6db start_thread
">
      <![CDATA[org.openqa.selenium.WebDriverException: unknown error: Chrome failed to start: exited abnormally.
  (unknown error: DevToolsActivePort file doesn't exist)
  (The process started from chrome location /usr/bin/google-chrome is no longer running, so ChromeDriver is assuming that Chrome has crashed.)
Build info: version: '3.141.59', revision: 'e82be7d358', time: '2018-11-14T08:25:53'
System info: host: 'ajay-singh-lodhi', ip: '192.168.2.130', os.name: 'Linux', os.arch: 'amd64', os.version: '4.15.0-158-generic', java.version: '16.0.2'
Driver info: driver.version: ChromeDriver
remote stacktrace: #0 0x557c95e99c43 <unknown>
#1 0x557c959814e8 <unknown>
#2 0x557c959a474f <unknown>
#3 0x557c959a031f <unknown>
#4 0x557c959da2e5 <unknown>
#5 0x557c959d46b3 <unknown>
#6 0x557c959aaa84 <unknown>
#7 0x557c959aba75 <unknown>
#8 0x557c95ec8f4e <unknown>
#9 0x557c95ede997 <unknown>
#10 0x557c95ec9ea5 <unknown>
#11 0x557c95edfde5 <unknown>
#12 0x557c95ebe5eb <unknown>
#13 0x557c95efa358 <unknown>
#14 0x557c95efa4d8 <unknown>
#15 0x557c95f1548d <unknown>
#16 0x7f38772fa6db start_thread

at org.openqa.selenium.remote.W3CHandshakeResponse.lambda$errorHandler$0(W3CHandshakeResponse.java:62)
at org.openqa.selenium.remote.HandshakeResponse.lambda$getResponseFunction$0(HandshakeResponse.java:30)
at org.openqa.selenium.remote.ProtocolHandshake.lambda$createSession$0(ProtocolHandshake.java:126)
at java.base/java.util.stream.ReferencePipeline$3$1.accept(ReferencePipeline.java:197)
at java.base/java.util.Spliterators$ArraySpliterator.tryAdvance(Spliterators.java:958)
at java.base/java.util.stream.ReferencePipeline.forEachWithCancel(ReferencePipeline.java:129)
at java.base/java.util.stream.AbstractPipeline.copyIntoWithCancel(AbstractPipeline.java:502)
at java.base/java.util.stream.AbstractPipeline.copyInto(AbstractPipeline.java:488)
at java.base/java.util.stream.AbstractPipeline.wrapAndCopyInto(AbstractPipeline.java:474)
at java.base/java.util.stream.FindOps$FindOp.evaluateSequential(FindOps.java:150)
at java.base/java.util.stream.AbstractPipeline.evaluate(AbstractPipeline.java:234)
at java.base/java.util.stream.ReferencePipeline.findFirst(ReferencePipeline.java:647)
at org.openqa.selenium.remote.ProtocolHandshake.createSession(ProtocolHandshake.java:128)
at org.openqa.selenium.remote.ProtocolHandshake.createSession(ProtocolHandshake.java:74)
at org.openqa.selenium.remote.HttpCommandExecutor.execute(HttpCommandExecutor.java:136)
at org.openqa.selenium.remote.service.DriverCommandExecutor.execute(DriverCommandExecutor.java:83)
at org.openqa.selenium.remote.RemoteWebDriver.execute(RemoteWebDriver.java:552)
at org.openqa.selenium.remote.RemoteWebDriver.startSession(RemoteWebDriver.java:213)
at org.openqa.selenium.remote.RemoteWebDriver.<init>(RemoteWebDriver.java:131)
at org.openqa.selenium.chrome.ChromeDriver.<init>(ChromeDriver.java:181)
at org.openqa.selenium.chrome.ChromeDriver.<init>(ChromeDriver.java:168)
at org.openqa.selenium.chrome.ChromeDriver.<init>(ChromeDriver.java:123)
at ExtentReport.extentreports.test11(extentreports.java:295)
at java.base/java.util.ArrayList.forEach(ArrayList.java:1511)
... Removed 32 stack frames]]>
    </failure>
  </testcase> <!-- test11 -->
  <testcase classname="ExtentReport.extentreports" name="test12" time="0.435">
    <failure type="org.openqa.selenium.WebDriverException" message="unknown error: Chrome failed to start: exited abnormally.
  (unknown error: DevToolsActivePort file doesn&amp;apos;t exist)
  (The process started from chrome location /usr/bin/google-chrome is no longer running, so ChromeDriver is assuming that Chrome has crashed.)
Build info: version: &amp;apos;3.141.59&amp;apos;, revision: &amp;apos;e82be7d358&amp;apos;, time: &amp;apos;2018-11-14T08:25:53&amp;apos;
System info: host: &amp;apos;ajay-singh-lodhi&amp;apos;, ip: &amp;apos;192.168.2.130&amp;apos;, os.name: &amp;apos;Linux&amp;apos;, os.arch: &amp;apos;amd64&amp;apos;, os.version: &amp;apos;4.15.0-158-generic&amp;apos;, java.version: &amp;apos;16.0.2&amp;apos;
Driver info: driver.version: ChromeDriver
remote stacktrace: #0 0x56255e2cec43 &amp;lt;unknown&amp;gt;
#1 0x56255ddb64e8 &amp;lt;unknown&amp;gt;
#2 0x56255ddd974f &amp;lt;unknown&amp;gt;
#3 0x56255ddd531f &amp;lt;unknown&amp;gt;
#4 0x56255de0f2e5 &amp;lt;unknown&amp;gt;
#5 0x56255de096b3 &amp;lt;unknown&amp;gt;
#6 0x56255dddfa84 &amp;lt;unknown&amp;gt;
#7 0x56255dde0a75 &amp;lt;unknown&amp;gt;
#8 0x56255e2fdf4e &amp;lt;unknown&amp;gt;
#9 0x56255e313997 &amp;lt;unknown&amp;gt;
#10 0x56255e2feea5 &amp;lt;unknown&amp;gt;
#11 0x56255e314de5 &amp;lt;unknown&amp;gt;
#12 0x56255e2f35eb &amp;lt;unknown&amp;gt;
#13 0x56255e32f358 &amp;lt;unknown&amp;gt;
#14 0x56255e32f4d8 &amp;lt;unknown&amp;gt;
#15 0x56255e34a48d &amp;lt;unknown&amp;gt;
#16 0x7f9baad726db start_thread
">
      <![CDATA[org.openqa.selenium.WebDriverException: unknown error: Chrome failed to start: exited abnormally.
  (unknown error: DevToolsActivePort file doesn't exist)
  (The process started from chrome location /usr/bin/google-chrome is no longer running, so ChromeDriver is assuming that Chrome has crashed.)
Build info: version: '3.141.59', revision: 'e82be7d358', time: '2018-11-14T08:25:53'
System info: host: 'ajay-singh-lodhi', ip: '192.168.2.130', os.name: 'Linux', os.arch: 'amd64', os.version: '4.15.0-158-generic', java.version: '16.0.2'
Driver info: driver.version: ChromeDriver
remote stacktrace: #0 0x56255e2cec43 <unknown>
#1 0x56255ddb64e8 <unknown>
#2 0x56255ddd974f <unknown>
#3 0x56255ddd531f <unknown>
#4 0x56255de0f2e5 <unknown>
#5 0x56255de096b3 <unknown>
#6 0x56255dddfa84 <unknown>
#7 0x56255dde0a75 <unknown>
#8 0x56255e2fdf4e <unknown>
#9 0x56255e313997 <unknown>
#10 0x56255e2feea5 <unknown>
#11 0x56255e314de5 <unknown>
#12 0x56255e2f35eb <unknown>
#13 0x56255e32f358 <unknown>
#14 0x56255e32f4d8 <unknown>
#15 0x56255e34a48d <unknown>
#16 0x7f9baad726db start_thread

at org.openqa.selenium.remote.W3CHandshakeResponse.lambda$errorHandler$0(W3CHandshakeResponse.java:62)
at org.openqa.selenium.remote.HandshakeResponse.lambda$getResponseFunction$0(HandshakeResponse.java:30)
at org.openqa.selenium.remote.ProtocolHandshake.lambda$createSession$0(ProtocolHandshake.java:126)
at java.base/java.util.stream.ReferencePipeline$3$1.accept(ReferencePipeline.java:197)
at java.base/java.util.Spliterators$ArraySpliterator.tryAdvance(Spliterators.java:958)
at java.base/java.util.stream.ReferencePipeline.forEachWithCancel(ReferencePipeline.java:129)
at java.base/java.util.stream.AbstractPipeline.copyIntoWithCancel(AbstractPipeline.java:502)
at java.base/java.util.stream.AbstractPipeline.copyInto(AbstractPipeline.java:488)
at java.base/java.util.stream.AbstractPipeline.wrapAndCopyInto(AbstractPipeline.java:474)
at java.base/java.util.stream.FindOps$FindOp.evaluateSequential(FindOps.java:150)
at java.base/java.util.stream.AbstractPipeline.evaluate(AbstractPipeline.java:234)
at java.base/java.util.stream.ReferencePipeline.findFirst(ReferencePipeline.java:647)
at org.openqa.selenium.remote.ProtocolHandshake.createSession(ProtocolHandshake.java:128)
at org.openqa.selenium.remote.ProtocolHandshake.createSession(ProtocolHandshake.java:74)
at org.openqa.selenium.remote.HttpCommandExecutor.execute(HttpCommandExecutor.java:136)
at org.openqa.selenium.remote.service.DriverCommandExecutor.execute(DriverCommandExecutor.java:83)
at org.openqa.selenium.remote.RemoteWebDriver.execute(RemoteWebDriver.java:552)
at org.openqa.selenium.remote.RemoteWebDriver.startSession(RemoteWebDriver.java:213)
at org.openqa.selenium.remote.RemoteWebDriver.<init>(RemoteWebDriver.java:131)
at org.openqa.selenium.chrome.ChromeDriver.<init>(ChromeDriver.java:181)
at org.openqa.selenium.chrome.ChromeDriver.<init>(ChromeDriver.java:168)
at org.openqa.selenium.chrome.ChromeDriver.<init>(ChromeDriver.java:123)
at ExtentReport.extentreports.test12(extentreports.java:322)
at java.base/java.util.ArrayList.forEach(ArrayList.java:1511)
... Removed 32 stack frames]]>
    </failure>
  </testcase> <!-- test12 -->
  <testcase classname="ExtentReport.extentreports" name="test13" time="0.422">
    <failure type="org.openqa.selenium.WebDriverException" message="unknown error: Chrome failed to start: exited abnormally.
  (unknown error: DevToolsActivePort file doesn&amp;apos;t exist)
  (The process started from chrome location /usr/bin/google-chrome is no longer running, so ChromeDriver is assuming that Chrome has crashed.)
Build info: version: &amp;apos;3.141.59&amp;apos;, revision: &amp;apos;e82be7d358&amp;apos;, time: &amp;apos;2018-11-14T08:25:53&amp;apos;
System info: host: &amp;apos;ajay-singh-lodhi&amp;apos;, ip: &amp;apos;192.168.2.130&amp;apos;, os.name: &amp;apos;Linux&amp;apos;, os.arch: &amp;apos;amd64&amp;apos;, os.version: &amp;apos;4.15.0-158-generic&amp;apos;, java.version: &amp;apos;16.0.2&amp;apos;
Driver info: driver.version: ChromeDriver
remote stacktrace: #0 0x55dee0d4cc43 &amp;lt;unknown&amp;gt;
#1 0x55dee08344e8 &amp;lt;unknown&amp;gt;
#2 0x55dee085774f &amp;lt;unknown&amp;gt;
#3 0x55dee085331f &amp;lt;unknown&amp;gt;
#4 0x55dee088d2e5 &amp;lt;unknown&amp;gt;
#5 0x55dee08876b3 &amp;lt;unknown&amp;gt;
#6 0x55dee085da84 &amp;lt;unknown&amp;gt;
#7 0x55dee085ea75 &amp;lt;unknown&amp;gt;
#8 0x55dee0d7bf4e &amp;lt;unknown&amp;gt;
#9 0x55dee0d91997 &amp;lt;unknown&amp;gt;
#10 0x55dee0d7cea5 &amp;lt;unknown&amp;gt;
#11 0x55dee0d92de5 &amp;lt;unknown&amp;gt;
#12 0x55dee0d715eb &amp;lt;unknown&amp;gt;
#13 0x55dee0dad358 &amp;lt;unknown&amp;gt;
#14 0x55dee0dad4d8 &amp;lt;unknown&amp;gt;
#15 0x55dee0dc848d &amp;lt;unknown&amp;gt;
#16 0x7f3073f9d6db start_thread
">
      <![CDATA[org.openqa.selenium.WebDriverException: unknown error: Chrome failed to start: exited abnormally.
  (unknown error: DevToolsActivePort file doesn't exist)
  (The process started from chrome location /usr/bin/google-chrome is no longer running, so ChromeDriver is assuming that Chrome has crashed.)
Build info: version: '3.141.59', revision: 'e82be7d358', time: '2018-11-14T08:25:53'
System info: host: 'ajay-singh-lodhi', ip: '192.168.2.130', os.name: 'Linux', os.arch: 'amd64', os.version: '4.15.0-158-generic', java.version: '16.0.2'
Driver info: driver.version: ChromeDriver
remote stacktrace: #0 0x55dee0d4cc43 <unknown>
#1 0x55dee08344e8 <unknown>
#2 0x55dee085774f <unknown>
#3 0x55dee085331f <unknown>
#4 0x55dee088d2e5 <unknown>
#5 0x55dee08876b3 <unknown>
#6 0x55dee085da84 <unknown>
#7 0x55dee085ea75 <unknown>
#8 0x55dee0d7bf4e <unknown>
#9 0x55dee0d91997 <unknown>
#10 0x55dee0d7cea5 <unknown>
#11 0x55dee0d92de5 <unknown>
#12 0x55dee0d715eb <unknown>
#13 0x55dee0dad358 <unknown>
#14 0x55dee0dad4d8 <unknown>
#15 0x55dee0dc848d <unknown>
#16 0x7f3073f9d6db start_thread

at org.openqa.selenium.remote.W3CHandshakeResponse.lambda$errorHandler$0(W3CHandshakeResponse.java:62)
at org.openqa.selenium.remote.HandshakeResponse.lambda$getResponseFunction$0(HandshakeResponse.java:30)
at org.openqa.selenium.remote.ProtocolHandshake.lambda$createSession$0(ProtocolHandshake.java:126)
at java.base/java.util.stream.ReferencePipeline$3$1.accept(ReferencePipeline.java:197)
at java.base/java.util.Spliterators$ArraySpliterator.tryAdvance(Spliterators.java:958)
at java.base/java.util.stream.ReferencePipeline.forEachWithCancel(ReferencePipeline.java:129)
at java.base/java.util.stream.AbstractPipeline.copyIntoWithCancel(AbstractPipeline.java:502)
at java.base/java.util.stream.AbstractPipeline.copyInto(AbstractPipeline.java:488)
at java.base/java.util.stream.AbstractPipeline.wrapAndCopyInto(AbstractPipeline.java:474)
at java.base/java.util.stream.FindOps$FindOp.evaluateSequential(FindOps.java:150)
at java.base/java.util.stream.AbstractPipeline.evaluate(AbstractPipeline.java:234)
at java.base/java.util.stream.ReferencePipeline.findFirst(ReferencePipeline.java:647)
at org.openqa.selenium.remote.ProtocolHandshake.createSession(ProtocolHandshake.java:128)
at org.openqa.selenium.remote.ProtocolHandshake.createSession(ProtocolHandshake.java:74)
at org.openqa.selenium.remote.HttpCommandExecutor.execute(HttpCommandExecutor.java:136)
at org.openqa.selenium.remote.service.DriverCommandExecutor.execute(DriverCommandExecutor.java:83)
at org.openqa.selenium.remote.RemoteWebDriver.execute(RemoteWebDriver.java:552)
at org.openqa.selenium.remote.RemoteWebDriver.startSession(RemoteWebDriver.java:213)
at org.openqa.selenium.remote.RemoteWebDriver.<init>(RemoteWebDriver.java:131)
at org.openqa.selenium.chrome.ChromeDriver.<init>(ChromeDriver.java:181)
at org.openqa.selenium.chrome.ChromeDriver.<init>(ChromeDriver.java:168)
at org.openqa.selenium.chrome.ChromeDriver.<init>(ChromeDriver.java:123)
at ExtentReport.extentreports.test13(extentreports.java:344)
at java.base/java.util.ArrayList.forEach(ArrayList.java:1511)
... Removed 32 stack frames]]>
    </failure>
  </testcase> <!-- test13 -->
  <testcase classname="ExtentReport.extentreports" name="test14" time="0.461">
    <failure type="org.openqa.selenium.WebDriverException" message="unknown error: Chrome failed to start: exited abnormally.
  (unknown error: DevToolsActivePort file doesn&amp;apos;t exist)
  (The process started from chrome location /usr/bin/google-chrome is no longer running, so ChromeDriver is assuming that Chrome has crashed.)
Build info: version: &amp;apos;3.141.59&amp;apos;, revision: &amp;apos;e82be7d358&amp;apos;, time: &amp;apos;2018-11-14T08:25:53&amp;apos;
System info: host: &amp;apos;ajay-singh-lodhi&amp;apos;, ip: &amp;apos;192.168.2.130&amp;apos;, os.name: &amp;apos;Linux&amp;apos;, os.arch: &amp;apos;amd64&amp;apos;, os.version: &amp;apos;4.15.0-158-generic&amp;apos;, java.version: &amp;apos;16.0.2&amp;apos;
Driver info: driver.version: ChromeDriver
remote stacktrace: #0 0x5566349a8c43 &amp;lt;unknown&amp;gt;
#1 0x5566344904e8 &amp;lt;unknown&amp;gt;
#2 0x5566344b374f &amp;lt;unknown&amp;gt;
#3 0x5566344af31f &amp;lt;unknown&amp;gt;
#4 0x5566344e92e5 &amp;lt;unknown&amp;gt;
#5 0x5566344e36b3 &amp;lt;unknown&amp;gt;
#6 0x5566344b9a84 &amp;lt;unknown&amp;gt;
#7 0x5566344baa75 &amp;lt;unknown&amp;gt;
#8 0x5566349d7f4e &amp;lt;unknown&amp;gt;
#9 0x5566349ed997 &amp;lt;unknown&amp;gt;
#10 0x5566349d8ea5 &amp;lt;unknown&amp;gt;
#11 0x5566349eede5 &amp;lt;unknown&amp;gt;
#12 0x5566349cd5eb &amp;lt;unknown&amp;gt;
#13 0x556634a09358 &amp;lt;unknown&amp;gt;
#14 0x556634a094d8 &amp;lt;unknown&amp;gt;
#15 0x556634a2448d &amp;lt;unknown&amp;gt;
#16 0x7fd831fc66db start_thread
">
      <![CDATA[org.openqa.selenium.WebDriverException: unknown error: Chrome failed to start: exited abnormally.
  (unknown error: DevToolsActivePort file doesn't exist)
  (The process started from chrome location /usr/bin/google-chrome is no longer running, so ChromeDriver is assuming that Chrome has crashed.)
Build info: version: '3.141.59', revision: 'e82be7d358', time: '2018-11-14T08:25:53'
System info: host: 'ajay-singh-lodhi', ip: '192.168.2.130', os.name: 'Linux', os.arch: 'amd64', os.version: '4.15.0-158-generic', java.version: '16.0.2'
Driver info: driver.version: ChromeDriver
remote stacktrace: #0 0x5566349a8c43 <unknown>
#1 0x5566344904e8 <unknown>
#2 0x5566344b374f <unknown>
#3 0x5566344af31f <unknown>
#4 0x5566344e92e5 <unknown>
#5 0x5566344e36b3 <unknown>
#6 0x5566344b9a84 <unknown>
#7 0x5566344baa75 <unknown>
#8 0x5566349d7f4e <unknown>
#9 0x5566349ed997 <unknown>
#10 0x5566349d8ea5 <unknown>
#11 0x5566349eede5 <unknown>
#12 0x5566349cd5eb <unknown>
#13 0x556634a09358 <unknown>
#14 0x556634a094d8 <unknown>
#15 0x556634a2448d <unknown>
#16 0x7fd831fc66db start_thread

at org.openqa.selenium.remote.W3CHandshakeResponse.lambda$errorHandler$0(W3CHandshakeResponse.java:62)
at org.openqa.selenium.remote.HandshakeResponse.lambda$getResponseFunction$0(HandshakeResponse.java:30)
at org.openqa.selenium.remote.ProtocolHandshake.lambda$createSession$0(ProtocolHandshake.java:126)
at java.base/java.util.stream.ReferencePipeline$3$1.accept(ReferencePipeline.java:197)
at java.base/java.util.Spliterators$ArraySpliterator.tryAdvance(Spliterators.java:958)
at java.base/java.util.stream.ReferencePipeline.forEachWithCancel(ReferencePipeline.java:129)
at java.base/java.util.stream.AbstractPipeline.copyIntoWithCancel(AbstractPipeline.java:502)
at java.base/java.util.stream.AbstractPipeline.copyInto(AbstractPipeline.java:488)
at java.base/java.util.stream.AbstractPipeline.wrapAndCopyInto(AbstractPipeline.java:474)
at java.base/java.util.stream.FindOps$FindOp.evaluateSequential(FindOps.java:150)
at java.base/java.util.stream.AbstractPipeline.evaluate(AbstractPipeline.java:234)
at java.base/java.util.stream.ReferencePipeline.findFirst(ReferencePipeline.java:647)
at org.openqa.selenium.remote.ProtocolHandshake.createSession(ProtocolHandshake.java:128)
at org.openqa.selenium.remote.ProtocolHandshake.createSession(ProtocolHandshake.java:74)
at org.openqa.selenium.remote.HttpCommandExecutor.execute(HttpCommandExecutor.java:136)
at org.openqa.selenium.remote.service.DriverCommandExecutor.execute(DriverCommandExecutor.java:83)
at org.openqa.selenium.remote.RemoteWebDriver.execute(RemoteWebDriver.java:552)
at org.openqa.selenium.remote.RemoteWebDriver.startSession(RemoteWebDriver.java:213)
at org.openqa.selenium.remote.RemoteWebDriver.<init>(RemoteWebDriver.java:131)
at org.openqa.selenium.chrome.ChromeDriver.<init>(ChromeDriver.java:181)
at org.openqa.selenium.chrome.ChromeDriver.<init>(ChromeDriver.java:168)
at org.openqa.selenium.chrome.ChromeDriver.<init>(ChromeDriver.java:123)
at ExtentReport.extentreports.test14(extentreports.java:366)
at java.base/java.util.ArrayList.forEach(ArrayList.java:1511)
... Removed 32 stack frames]]>
    </failure>
  </testcase> <!-- test14 -->
  <testcase classname="ExtentReport.extentreports" name="test15" time="0.33">
    <failure type="org.openqa.selenium.WebDriverException" message="unknown error: Chrome failed to start: exited abnormally.
  (unknown error: DevToolsActivePort file doesn&amp;apos;t exist)
  (The process started from chrome location /usr/bin/google-chrome is no longer running, so ChromeDriver is assuming that Chrome has crashed.)
Build info: version: &amp;apos;3.141.59&amp;apos;, revision: &amp;apos;e82be7d358&amp;apos;, time: &amp;apos;2018-11-14T08:25:53&amp;apos;
System info: host: &amp;apos;ajay-singh-lodhi&amp;apos;, ip: &amp;apos;192.168.2.130&amp;apos;, os.name: &amp;apos;Linux&amp;apos;, os.arch: &amp;apos;amd64&amp;apos;, os.version: &amp;apos;4.15.0-158-generic&amp;apos;, java.version: &amp;apos;16.0.2&amp;apos;
Driver info: driver.version: ChromeDriver
remote stacktrace: #0 0x558e6ad18c43 &amp;lt;unknown&amp;gt;
#1 0x558e6a8004e8 &amp;lt;unknown&amp;gt;
#2 0x558e6a82374f &amp;lt;unknown&amp;gt;
#3 0x558e6a81f31f &amp;lt;unknown&amp;gt;
#4 0x558e6a8592e5 &amp;lt;unknown&amp;gt;
#5 0x558e6a8536b3 &amp;lt;unknown&amp;gt;
#6 0x558e6a829a84 &amp;lt;unknown&amp;gt;
#7 0x558e6a82aa75 &amp;lt;unknown&amp;gt;
#8 0x558e6ad47f4e &amp;lt;unknown&amp;gt;
#9 0x558e6ad5d997 &amp;lt;unknown&amp;gt;
#10 0x558e6ad48ea5 &amp;lt;unknown&amp;gt;
#11 0x558e6ad5ede5 &amp;lt;unknown&amp;gt;
#12 0x558e6ad3d5eb &amp;lt;unknown&amp;gt;
#13 0x558e6ad79358 &amp;lt;unknown&amp;gt;
#14 0x558e6ad794d8 &amp;lt;unknown&amp;gt;
#15 0x558e6ad9448d &amp;lt;unknown&amp;gt;
#16 0x7f03fd09e6db start_thread
">
      <![CDATA[org.openqa.selenium.WebDriverException: unknown error: Chrome failed to start: exited abnormally.
  (unknown error: DevToolsActivePort file doesn't exist)
  (The process started from chrome location /usr/bin/google-chrome is no longer running, so ChromeDriver is assuming that Chrome has crashed.)
Build info: version: '3.141.59', revision: 'e82be7d358', time: '2018-11-14T08:25:53'
System info: host: 'ajay-singh-lodhi', ip: '192.168.2.130', os.name: 'Linux', os.arch: 'amd64', os.version: '4.15.0-158-generic', java.version: '16.0.2'
Driver info: driver.version: ChromeDriver
remote stacktrace: #0 0x558e6ad18c43 <unknown>
#1 0x558e6a8004e8 <unknown>
#2 0x558e6a82374f <unknown>
#3 0x558e6a81f31f <unknown>
#4 0x558e6a8592e5 <unknown>
#5 0x558e6a8536b3 <unknown>
#6 0x558e6a829a84 <unknown>
#7 0x558e6a82aa75 <unknown>
#8 0x558e6ad47f4e <unknown>
#9 0x558e6ad5d997 <unknown>
#10 0x558e6ad48ea5 <unknown>
#11 0x558e6ad5ede5 <unknown>
#12 0x558e6ad3d5eb <unknown>
#13 0x558e6ad79358 <unknown>
#14 0x558e6ad794d8 <unknown>
#15 0x558e6ad9448d <unknown>
#16 0x7f03fd09e6db start_thread

at org.openqa.selenium.remote.W3CHandshakeResponse.lambda$errorHandler$0(W3CHandshakeResponse.java:62)
at org.openqa.selenium.remote.HandshakeResponse.lambda$getResponseFunction$0(HandshakeResponse.java:30)
at org.openqa.selenium.remote.ProtocolHandshake.lambda$createSession$0(ProtocolHandshake.java:126)
at java.base/java.util.stream.ReferencePipeline$3$1.accept(ReferencePipeline.java:197)
at java.base/java.util.Spliterators$ArraySpliterator.tryAdvance(Spliterators.java:958)
at java.base/java.util.stream.ReferencePipeline.forEachWithCancel(ReferencePipeline.java:129)
at java.base/java.util.stream.AbstractPipeline.copyIntoWithCancel(AbstractPipeline.java:502)
at java.base/java.util.stream.AbstractPipeline.copyInto(AbstractPipeline.java:488)
at java.base/java.util.stream.AbstractPipeline.wrapAndCopyInto(AbstractPipeline.java:474)
at java.base/java.util.stream.FindOps$FindOp.evaluateSequential(FindOps.java:150)
at java.base/java.util.stream.AbstractPipeline.evaluate(AbstractPipeline.java:234)
at java.base/java.util.stream.ReferencePipeline.findFirst(ReferencePipeline.java:647)
at org.openqa.selenium.remote.ProtocolHandshake.createSession(ProtocolHandshake.java:128)
at org.openqa.selenium.remote.ProtocolHandshake.createSession(ProtocolHandshake.java:74)
at org.openqa.selenium.remote.HttpCommandExecutor.execute(HttpCommandExecutor.java:136)
at org.openqa.selenium.remote.service.DriverCommandExecutor.execute(DriverCommandExecutor.java:83)
at org.openqa.selenium.remote.RemoteWebDriver.execute(RemoteWebDriver.java:552)
at org.openqa.selenium.remote.RemoteWebDriver.startSession(RemoteWebDriver.java:213)
at org.openqa.selenium.remote.RemoteWebDriver.<init>(RemoteWebDriver.java:131)
at org.openqa.selenium.chrome.ChromeDriver.<init>(ChromeDriver.java:181)
at org.openqa.selenium.chrome.ChromeDriver.<init>(ChromeDriver.java:168)
at org.openqa.selenium.chrome.ChromeDriver.<init>(ChromeDriver.java:123)
at ExtentReport.extentreports.test15(extentreports.java:388)
at java.base/java.util.ArrayList.forEach(ArrayList.java:1511)
... Removed 32 stack frames]]>
    </failure>
  </testcase> <!-- test15 -->
  <testcase classname="ExtentReport.extentreports" name="test2" time="0.438">
    <failure type="org.openqa.selenium.WebDriverException" message="unknown error: Chrome failed to start: exited abnormally.
  (unknown error: DevToolsActivePort file doesn&amp;apos;t exist)
  (The process started from chrome location /usr/bin/google-chrome is no longer running, so ChromeDriver is assuming that Chrome has crashed.)
Build info: version: &amp;apos;3.141.59&amp;apos;, revision: &amp;apos;e82be7d358&amp;apos;, time: &amp;apos;2018-11-14T08:25:53&amp;apos;
System info: host: &amp;apos;ajay-singh-lodhi&amp;apos;, ip: &amp;apos;192.168.2.130&amp;apos;, os.name: &amp;apos;Linux&amp;apos;, os.arch: &amp;apos;amd64&amp;apos;, os.version: &amp;apos;4.15.0-158-generic&amp;apos;, java.version: &amp;apos;16.0.2&amp;apos;
Driver info: driver.version: ChromeDriver
remote stacktrace: #0 0x55c34c47dc43 &amp;lt;unknown&amp;gt;
#1 0x55c34bf654e8 &amp;lt;unknown&amp;gt;
#2 0x55c34bf8874f &amp;lt;unknown&amp;gt;
#3 0x55c34bf8431f &amp;lt;unknown&amp;gt;
#4 0x55c34bfbe2e5 &amp;lt;unknown&amp;gt;
#5 0x55c34bfb86b3 &amp;lt;unknown&amp;gt;
#6 0x55c34bf8ea84 &amp;lt;unknown&amp;gt;
#7 0x55c34bf8fa75 &amp;lt;unknown&amp;gt;
#8 0x55c34c4acf4e &amp;lt;unknown&amp;gt;
#9 0x55c34c4c2997 &amp;lt;unknown&amp;gt;
#10 0x55c34c4adea5 &amp;lt;unknown&amp;gt;
#11 0x55c34c4c3de5 &amp;lt;unknown&amp;gt;
#12 0x55c34c4a25eb &amp;lt;unknown&amp;gt;
#13 0x55c34c4de358 &amp;lt;unknown&amp;gt;
#14 0x55c34c4de4d8 &amp;lt;unknown&amp;gt;
#15 0x55c34c4f948d &amp;lt;unknown&amp;gt;
#16 0x7fc2bffd96db start_thread
">
      <![CDATA[org.openqa.selenium.WebDriverException: unknown error: Chrome failed to start: exited abnormally.
  (unknown error: DevToolsActivePort file doesn't exist)
  (The process started from chrome location /usr/bin/google-chrome is no longer running, so ChromeDriver is assuming that Chrome has crashed.)
Build info: version: '3.141.59', revision: 'e82be7d358', time: '2018-11-14T08:25:53'
System info: host: 'ajay-singh-lodhi', ip: '192.168.2.130', os.name: 'Linux', os.arch: 'amd64', os.version: '4.15.0-158-generic', java.version: '16.0.2'
Driver info: driver.version: ChromeDriver
remote stacktrace: #0 0x55c34c47dc43 <unknown>
#1 0x55c34bf654e8 <unknown>
#2 0x55c34bf8874f <unknown>
#3 0x55c34bf8431f <unknown>
#4 0x55c34bfbe2e5 <unknown>
#5 0x55c34bfb86b3 <unknown>
#6 0x55c34bf8ea84 <unknown>
#7 0x55c34bf8fa75 <unknown>
#8 0x55c34c4acf4e <unknown>
#9 0x55c34c4c2997 <unknown>
#10 0x55c34c4adea5 <unknown>
#11 0x55c34c4c3de5 <unknown>
#12 0x55c34c4a25eb <unknown>
#13 0x55c34c4de358 <unknown>
#14 0x55c34c4de4d8 <unknown>
#15 0x55c34c4f948d <unknown>
#16 0x7fc2bffd96db start_thread

at org.openqa.selenium.remote.W3CHandshakeResponse.lambda$errorHandler$0(W3CHandshakeResponse.java:62)
at org.openqa.selenium.remote.HandshakeResponse.lambda$getResponseFunction$0(HandshakeResponse.java:30)
at org.openqa.selenium.remote.ProtocolHandshake.lambda$createSession$0(ProtocolHandshake.java:126)
at java.base/java.util.stream.ReferencePipeline$3$1.accept(ReferencePipeline.java:197)
at java.base/java.util.Spliterators$ArraySpliterator.tryAdvance(Spliterators.java:958)
at java.base/java.util.stream.ReferencePipeline.forEachWithCancel(ReferencePipeline.java:129)
at java.base/java.util.stream.AbstractPipeline.copyIntoWithCancel(AbstractPipeline.java:502)
at java.base/java.util.stream.AbstractPipeline.copyInto(AbstractPipeline.java:488)
at java.base/java.util.stream.AbstractPipeline.wrapAndCopyInto(AbstractPipeline.java:474)
at java.base/java.util.stream.FindOps$FindOp.evaluateSequential(FindOps.java:150)
at java.base/java.util.stream.AbstractPipeline.evaluate(AbstractPipeline.java:234)
at java.base/java.util.stream.ReferencePipeline.findFirst(ReferencePipeline.java:647)
at org.openqa.selenium.remote.ProtocolHandshake.createSession(ProtocolHandshake.java:128)
at org.openqa.selenium.remote.ProtocolHandshake.createSession(ProtocolHandshake.java:74)
at org.openqa.selenium.remote.HttpCommandExecutor.execute(HttpCommandExecutor.java:136)
at org.openqa.selenium.remote.service.DriverCommandExecutor.execute(DriverCommandExecutor.java:83)
at org.openqa.selenium.remote.RemoteWebDriver.execute(RemoteWebDriver.java:552)
at org.openqa.selenium.remote.RemoteWebDriver.startSession(RemoteWebDriver.java:213)
at org.openqa.selenium.remote.RemoteWebDriver.<init>(RemoteWebDriver.java:131)
at org.openqa.selenium.chrome.ChromeDriver.<init>(ChromeDriver.java:181)
at org.openqa.selenium.chrome.ChromeDriver.<init>(ChromeDriver.java:168)
at org.openqa.selenium.chrome.ChromeDriver.<init>(ChromeDriver.java:123)
at ExtentReport.extentreports.test2(extentreports.java:83)
at java.base/java.util.ArrayList.forEach(ArrayList.java:1511)
... Removed 32 stack frames]]>
    </failure>
  </testcase> <!-- test2 -->
  <testcase classname="ExtentReport.extentreports" name="test3" time="0.391">
    <failure type="org.openqa.selenium.WebDriverException" message="unknown error: Chrome failed to start: exited abnormally.
  (unknown error: DevToolsActivePort file doesn&amp;apos;t exist)
  (The process started from chrome location /usr/bin/google-chrome is no longer running, so ChromeDriver is assuming that Chrome has crashed.)
Build info: version: &amp;apos;3.141.59&amp;apos;, revision: &amp;apos;e82be7d358&amp;apos;, time: &amp;apos;2018-11-14T08:25:53&amp;apos;
System info: host: &amp;apos;ajay-singh-lodhi&amp;apos;, ip: &amp;apos;192.168.2.130&amp;apos;, os.name: &amp;apos;Linux&amp;apos;, os.arch: &amp;apos;amd64&amp;apos;, os.version: &amp;apos;4.15.0-158-generic&amp;apos;, java.version: &amp;apos;16.0.2&amp;apos;
Driver info: driver.version: ChromeDriver
remote stacktrace: #0 0x559607bcfc43 &amp;lt;unknown&amp;gt;
#1 0x5596076b74e8 &amp;lt;unknown&amp;gt;
#2 0x5596076da74f &amp;lt;unknown&amp;gt;
#3 0x5596076d631f &amp;lt;unknown&amp;gt;
#4 0x5596077102e5 &amp;lt;unknown&amp;gt;
#5 0x55960770a6b3 &amp;lt;unknown&amp;gt;
#6 0x5596076e0a84 &amp;lt;unknown&amp;gt;
#7 0x5596076e1a75 &amp;lt;unknown&amp;gt;
#8 0x559607bfef4e &amp;lt;unknown&amp;gt;
#9 0x559607c14997 &amp;lt;unknown&amp;gt;
#10 0x559607bffea5 &amp;lt;unknown&amp;gt;
#11 0x559607c15de5 &amp;lt;unknown&amp;gt;
#12 0x559607bf45eb &amp;lt;unknown&amp;gt;
#13 0x559607c30358 &amp;lt;unknown&amp;gt;
#14 0x559607c304d8 &amp;lt;unknown&amp;gt;
#15 0x559607c4b48d &amp;lt;unknown&amp;gt;
#16 0x7f59a82746db start_thread
">
      <![CDATA[org.openqa.selenium.WebDriverException: unknown error: Chrome failed to start: exited abnormally.
  (unknown error: DevToolsActivePort file doesn't exist)
  (The process started from chrome location /usr/bin/google-chrome is no longer running, so ChromeDriver is assuming that Chrome has crashed.)
Build info: version: '3.141.59', revision: 'e82be7d358', time: '2018-11-14T08:25:53'
System info: host: 'ajay-singh-lodhi', ip: '192.168.2.130', os.name: 'Linux', os.arch: 'amd64', os.version: '4.15.0-158-generic', java.version: '16.0.2'
Driver info: driver.version: ChromeDriver
remote stacktrace: #0 0x559607bcfc43 <unknown>
#1 0x5596076b74e8 <unknown>
#2 0x5596076da74f <unknown>
#3 0x5596076d631f <unknown>
#4 0x5596077102e5 <unknown>
#5 0x55960770a6b3 <unknown>
#6 0x5596076e0a84 <unknown>
#7 0x5596076e1a75 <unknown>
#8 0x559607bfef4e <unknown>
#9 0x559607c14997 <unknown>
#10 0x559607bffea5 <unknown>
#11 0x559607c15de5 <unknown>
#12 0x559607bf45eb <unknown>
#13 0x559607c30358 <unknown>
#14 0x559607c304d8 <unknown>
#15 0x559607c4b48d <unknown>
#16 0x7f59a82746db start_thread

at org.openqa.selenium.remote.W3CHandshakeResponse.lambda$errorHandler$0(W3CHandshakeResponse.java:62)
at org.openqa.selenium.remote.HandshakeResponse.lambda$getResponseFunction$0(HandshakeResponse.java:30)
at org.openqa.selenium.remote.ProtocolHandshake.lambda$createSession$0(ProtocolHandshake.java:126)
at java.base/java.util.stream.ReferencePipeline$3$1.accept(ReferencePipeline.java:197)
at java.base/java.util.Spliterators$ArraySpliterator.tryAdvance(Spliterators.java:958)
at java.base/java.util.stream.ReferencePipeline.forEachWithCancel(ReferencePipeline.java:129)
at java.base/java.util.stream.AbstractPipeline.copyIntoWithCancel(AbstractPipeline.java:502)
at java.base/java.util.stream.AbstractPipeline.copyInto(AbstractPipeline.java:488)
at java.base/java.util.stream.AbstractPipeline.wrapAndCopyInto(AbstractPipeline.java:474)
at java.base/java.util.stream.FindOps$FindOp.evaluateSequential(FindOps.java:150)
at java.base/java.util.stream.AbstractPipeline.evaluate(AbstractPipeline.java:234)
at java.base/java.util.stream.ReferencePipeline.findFirst(ReferencePipeline.java:647)
at org.openqa.selenium.remote.ProtocolHandshake.createSession(ProtocolHandshake.java:128)
at org.openqa.selenium.remote.ProtocolHandshake.createSession(ProtocolHandshake.java:74)
at org.openqa.selenium.remote.HttpCommandExecutor.execute(HttpCommandExecutor.java:136)
at org.openqa.selenium.remote.service.DriverCommandExecutor.execute(DriverCommandExecutor.java:83)
at org.openqa.selenium.remote.RemoteWebDriver.execute(RemoteWebDriver.java:552)
at org.openqa.selenium.remote.RemoteWebDriver.startSession(RemoteWebDriver.java:213)
at org.openqa.selenium.remote.RemoteWebDriver.<init>(RemoteWebDriver.java:131)
at org.openqa.selenium.chrome.ChromeDriver.<init>(ChromeDriver.java:181)
at org.openqa.selenium.chrome.ChromeDriver.<init>(ChromeDriver.java:168)
at org.openqa.selenium.chrome.ChromeDriver.<init>(ChromeDriver.java:123)
at ExtentReport.extentreports.test3(extentreports.java:106)
at java.base/java.util.ArrayList.forEach(ArrayList.java:1511)
... Removed 32 stack frames]]>
    </failure>
  </testcase> <!-- test3 -->
  <testcase classname="ExtentReport.extentreports" name="test4" time="0.497">
    <failure type="org.openqa.selenium.WebDriverException" message="unknown error: Chrome failed to start: exited abnormally.
  (unknown error: DevToolsActivePort file doesn&amp;apos;t exist)
  (The process started from chrome location /usr/bin/google-chrome is no longer running, so ChromeDriver is assuming that Chrome has crashed.)
Build info: version: &amp;apos;3.141.59&amp;apos;, revision: &amp;apos;e82be7d358&amp;apos;, time: &amp;apos;2018-11-14T08:25:53&amp;apos;
System info: host: &amp;apos;ajay-singh-lodhi&amp;apos;, ip: &amp;apos;192.168.2.130&amp;apos;, os.name: &amp;apos;Linux&amp;apos;, os.arch: &amp;apos;amd64&amp;apos;, os.version: &amp;apos;4.15.0-158-generic&amp;apos;, java.version: &amp;apos;16.0.2&amp;apos;
Driver info: driver.version: ChromeDriver
remote stacktrace: #0 0x563412c27c43 &amp;lt;unknown&amp;gt;
#1 0x56341270f4e8 &amp;lt;unknown&amp;gt;
#2 0x56341273274f &amp;lt;unknown&amp;gt;
#3 0x56341272e31f &amp;lt;unknown&amp;gt;
#4 0x5634127682e5 &amp;lt;unknown&amp;gt;
#5 0x5634127626b3 &amp;lt;unknown&amp;gt;
#6 0x563412738a84 &amp;lt;unknown&amp;gt;
#7 0x563412739a75 &amp;lt;unknown&amp;gt;
#8 0x563412c56f4e &amp;lt;unknown&amp;gt;
#9 0x563412c6c997 &amp;lt;unknown&amp;gt;
#10 0x563412c57ea5 &amp;lt;unknown&amp;gt;
#11 0x563412c6dde5 &amp;lt;unknown&amp;gt;
#12 0x563412c4c5eb &amp;lt;unknown&amp;gt;
#13 0x563412c88358 &amp;lt;unknown&amp;gt;
#14 0x563412c884d8 &amp;lt;unknown&amp;gt;
#15 0x563412ca348d &amp;lt;unknown&amp;gt;
#16 0x7fdcba10f6db start_thread
">
      <![CDATA[org.openqa.selenium.WebDriverException: unknown error: Chrome failed to start: exited abnormally.
  (unknown error: DevToolsActivePort file doesn't exist)
  (The process started from chrome location /usr/bin/google-chrome is no longer running, so ChromeDriver is assuming that Chrome has crashed.)
Build info: version: '3.141.59', revision: 'e82be7d358', time: '2018-11-14T08:25:53'
System info: host: 'ajay-singh-lodhi', ip: '192.168.2.130', os.name: 'Linux', os.arch: 'amd64', os.version: '4.15.0-158-generic', java.version: '16.0.2'
Driver info: driver.version: ChromeDriver
remote stacktrace: #0 0x563412c27c43 <unknown>
#1 0x56341270f4e8 <unknown>
#2 0x56341273274f <unknown>
#3 0x56341272e31f <unknown>
#4 0x5634127682e5 <unknown>
#5 0x5634127626b3 <unknown>
#6 0x563412738a84 <unknown>
#7 0x563412739a75 <unknown>
#8 0x563412c56f4e <unknown>
#9 0x563412c6c997 <unknown>
#10 0x563412c57ea5 <unknown>
#11 0x563412c6dde5 <unknown>
#12 0x563412c4c5eb <unknown>
#13 0x563412c88358 <unknown>
#14 0x563412c884d8 <unknown>
#15 0x563412ca348d <unknown>
#16 0x7fdcba10f6db start_thread

at org.openqa.selenium.remote.W3CHandshakeResponse.lambda$errorHandler$0(W3CHandshakeResponse.java:62)
at org.openqa.selenium.remote.HandshakeResponse.lambda$getResponseFunction$0(HandshakeResponse.java:30)
at org.openqa.selenium.remote.ProtocolHandshake.lambda$createSession$0(ProtocolHandshake.java:126)
at java.base/java.util.stream.ReferencePipeline$3$1.accept(ReferencePipeline.java:197)
at java.base/java.util.Spliterators$ArraySpliterator.tryAdvance(Spliterators.java:958)
at java.base/java.util.stream.ReferencePipeline.forEachWithCancel(ReferencePipeline.java:129)
at java.base/java.util.stream.AbstractPipeline.copyIntoWithCancel(AbstractPipeline.java:502)
at java.base/java.util.stream.AbstractPipeline.copyInto(AbstractPipeline.java:488)
at java.base/java.util.stream.AbstractPipeline.wrapAndCopyInto(AbstractPipeline.java:474)
at java.base/java.util.stream.FindOps$FindOp.evaluateSequential(FindOps.java:150)
at java.base/java.util.stream.AbstractPipeline.evaluate(AbstractPipeline.java:234)
at java.base/java.util.stream.ReferencePipeline.findFirst(ReferencePipeline.java:647)
at org.openqa.selenium.remote.ProtocolHandshake.createSession(ProtocolHandshake.java:128)
at org.openqa.selenium.remote.ProtocolHandshake.createSession(ProtocolHandshake.java:74)
at org.openqa.selenium.remote.HttpCommandExecutor.execute(HttpCommandExecutor.java:136)
at org.openqa.selenium.remote.service.DriverCommandExecutor.execute(DriverCommandExecutor.java:83)
at org.openqa.selenium.remote.RemoteWebDriver.execute(RemoteWebDriver.java:552)
at org.openqa.selenium.remote.RemoteWebDriver.startSession(RemoteWebDriver.java:213)
at org.openqa.selenium.remote.RemoteWebDriver.<init>(RemoteWebDriver.java:131)
at org.openqa.selenium.chrome.ChromeDriver.<init>(ChromeDriver.java:181)
at org.openqa.selenium.chrome.ChromeDriver.<init>(ChromeDriver.java:168)
at org.openqa.selenium.chrome.ChromeDriver.<init>(ChromeDriver.java:123)
at ExtentReport.extentreports.test4(extentreports.java:129)
at java.base/java.util.ArrayList.forEach(ArrayList.java:1511)
... Removed 32 stack frames]]>
    </failure>
  </testcase> <!-- test4 -->
  <testcase classname="ExtentReport.extentreports" name="test5" time="0.522">
    <failure type="org.openqa.selenium.WebDriverException" message="unknown error: Chrome failed to start: exited abnormally.
  (unknown error: DevToolsActivePort file doesn&amp;apos;t exist)
  (The process started from chrome location /usr/bin/google-chrome is no longer running, so ChromeDriver is assuming that Chrome has crashed.)
Build info: version: &amp;apos;3.141.59&amp;apos;, revision: &amp;apos;e82be7d358&amp;apos;, time: &amp;apos;2018-11-14T08:25:53&amp;apos;
System info: host: &amp;apos;ajay-singh-lodhi&amp;apos;, ip: &amp;apos;192.168.2.130&amp;apos;, os.name: &amp;apos;Linux&amp;apos;, os.arch: &amp;apos;amd64&amp;apos;, os.version: &amp;apos;4.15.0-158-generic&amp;apos;, java.version: &amp;apos;16.0.2&amp;apos;
Driver info: driver.version: ChromeDriver
remote stacktrace: #0 0x564511558c43 &amp;lt;unknown&amp;gt;
#1 0x5645110404e8 &amp;lt;unknown&amp;gt;
#2 0x56451106374f &amp;lt;unknown&amp;gt;
#3 0x56451105f31f &amp;lt;unknown&amp;gt;
#4 0x5645110992e5 &amp;lt;unknown&amp;gt;
#5 0x5645110936b3 &amp;lt;unknown&amp;gt;
#6 0x564511069a84 &amp;lt;unknown&amp;gt;
#7 0x56451106aa75 &amp;lt;unknown&amp;gt;
#8 0x564511587f4e &amp;lt;unknown&amp;gt;
#9 0x56451159d997 &amp;lt;unknown&amp;gt;
#10 0x564511588ea5 &amp;lt;unknown&amp;gt;
#11 0x56451159ede5 &amp;lt;unknown&amp;gt;
#12 0x56451157d5eb &amp;lt;unknown&amp;gt;
#13 0x5645115b9358 &amp;lt;unknown&amp;gt;
#14 0x5645115b94d8 &amp;lt;unknown&amp;gt;
#15 0x5645115d448d &amp;lt;unknown&amp;gt;
#16 0x7f101eaf36db start_thread
">
      <![CDATA[org.openqa.selenium.WebDriverException: unknown error: Chrome failed to start: exited abnormally.
  (unknown error: DevToolsActivePort file doesn't exist)
  (The process started from chrome location /usr/bin/google-chrome is no longer running, so ChromeDriver is assuming that Chrome has crashed.)
Build info: version: '3.141.59', revision: 'e82be7d358', time: '2018-11-14T08:25:53'
System info: host: 'ajay-singh-lodhi', ip: '192.168.2.130', os.name: 'Linux', os.arch: 'amd64', os.version: '4.15.0-158-generic', java.version: '16.0.2'
Driver info: driver.version: ChromeDriver
remote stacktrace: #0 0x564511558c43 <unknown>
#1 0x5645110404e8 <unknown>
#2 0x56451106374f <unknown>
#3 0x56451105f31f <unknown>
#4 0x5645110992e5 <unknown>
#5 0x5645110936b3 <unknown>
#6 0x564511069a84 <unknown>
#7 0x56451106aa75 <unknown>
#8 0x564511587f4e <unknown>
#9 0x56451159d997 <unknown>
#10 0x564511588ea5 <unknown>
#11 0x56451159ede5 <unknown>
#12 0x56451157d5eb <unknown>
#13 0x5645115b9358 <unknown>
#14 0x5645115b94d8 <unknown>
#15 0x5645115d448d <unknown>
#16 0x7f101eaf36db start_thread

at org.openqa.selenium.remote.W3CHandshakeResponse.lambda$errorHandler$0(W3CHandshakeResponse.java:62)
at org.openqa.selenium.remote.HandshakeResponse.lambda$getResponseFunction$0(HandshakeResponse.java:30)
at org.openqa.selenium.remote.ProtocolHandshake.lambda$createSession$0(ProtocolHandshake.java:126)
at java.base/java.util.stream.ReferencePipeline$3$1.accept(ReferencePipeline.java:197)
at java.base/java.util.Spliterators$ArraySpliterator.tryAdvance(Spliterators.java:958)
at java.base/java.util.stream.ReferencePipeline.forEachWithCancel(ReferencePipeline.java:129)
at java.base/java.util.stream.AbstractPipeline.copyIntoWithCancel(AbstractPipeline.java:502)
at java.base/java.util.stream.AbstractPipeline.copyInto(AbstractPipeline.java:488)
at java.base/java.util.stream.AbstractPipeline.wrapAndCopyInto(AbstractPipeline.java:474)
at java.base/java.util.stream.FindOps$FindOp.evaluateSequential(FindOps.java:150)
at java.base/java.util.stream.AbstractPipeline.evaluate(AbstractPipeline.java:234)
at java.base/java.util.stream.ReferencePipeline.findFirst(ReferencePipeline.java:647)
at org.openqa.selenium.remote.ProtocolHandshake.createSession(ProtocolHandshake.java:128)
at org.openqa.selenium.remote.ProtocolHandshake.createSession(ProtocolHandshake.java:74)
at org.openqa.selenium.remote.HttpCommandExecutor.execute(HttpCommandExecutor.java:136)
at org.openqa.selenium.remote.service.DriverCommandExecutor.execute(DriverCommandExecutor.java:83)
at org.openqa.selenium.remote.RemoteWebDriver.execute(RemoteWebDriver.java:552)
at org.openqa.selenium.remote.RemoteWebDriver.startSession(RemoteWebDriver.java:213)
at org.openqa.selenium.remote.RemoteWebDriver.<init>(RemoteWebDriver.java:131)
at org.openqa.selenium.chrome.ChromeDriver.<init>(ChromeDriver.java:181)
at org.openqa.selenium.chrome.ChromeDriver.<init>(ChromeDriver.java:168)
at org.openqa.selenium.chrome.ChromeDriver.<init>(ChromeDriver.java:123)
at ExtentReport.extentreports.test5(extentreports.java:152)
at java.base/java.util.ArrayList.forEach(ArrayList.java:1511)
... Removed 32 stack frames]]>
    </failure>
  </testcase> <!-- test5 -->
  <testcase classname="ExtentReport.extentreports" name="test6" time="0.489">
    <failure type="org.openqa.selenium.WebDriverException" message="unknown error: Chrome failed to start: exited abnormally.
  (unknown error: DevToolsActivePort file doesn&amp;apos;t exist)
  (The process started from chrome location /usr/bin/google-chrome is no longer running, so ChromeDriver is assuming that Chrome has crashed.)
Build info: version: &amp;apos;3.141.59&amp;apos;, revision: &amp;apos;e82be7d358&amp;apos;, time: &amp;apos;2018-11-14T08:25:53&amp;apos;
System info: host: &amp;apos;ajay-singh-lodhi&amp;apos;, ip: &amp;apos;192.168.2.130&amp;apos;, os.name: &amp;apos;Linux&amp;apos;, os.arch: &amp;apos;amd64&amp;apos;, os.version: &amp;apos;4.15.0-158-generic&amp;apos;, java.version: &amp;apos;16.0.2&amp;apos;
Driver info: driver.version: ChromeDriver
remote stacktrace: #0 0x5578b386dc43 &amp;lt;unknown&amp;gt;
#1 0x5578b33554e8 &amp;lt;unknown&amp;gt;
#2 0x5578b337874f &amp;lt;unknown&amp;gt;
#3 0x5578b337431f &amp;lt;unknown&amp;gt;
#4 0x5578b33ae2e5 &amp;lt;unknown&amp;gt;
#5 0x5578b33a86b3 &amp;lt;unknown&amp;gt;
#6 0x5578b337ea84 &amp;lt;unknown&amp;gt;
#7 0x5578b337fa75 &amp;lt;unknown&amp;gt;
#8 0x5578b389cf4e &amp;lt;unknown&amp;gt;
#9 0x5578b38b2997 &amp;lt;unknown&amp;gt;
#10 0x5578b389dea5 &amp;lt;unknown&amp;gt;
#11 0x5578b38b3de5 &amp;lt;unknown&amp;gt;
#12 0x5578b38925eb &amp;lt;unknown&amp;gt;
#13 0x5578b38ce358 &amp;lt;unknown&amp;gt;
#14 0x5578b38ce4d8 &amp;lt;unknown&amp;gt;
#15 0x5578b38e948d &amp;lt;unknown&amp;gt;
#16 0x7f7d8a1ed6db start_thread
">
      <![CDATA[org.openqa.selenium.WebDriverException: unknown error: Chrome failed to start: exited abnormally.
  (unknown error: DevToolsActivePort file doesn't exist)
  (The process started from chrome location /usr/bin/google-chrome is no longer running, so ChromeDriver is assuming that Chrome has crashed.)
Build info: version: '3.141.59', revision: 'e82be7d358', time: '2018-11-14T08:25:53'
System info: host: 'ajay-singh-lodhi', ip: '192.168.2.130', os.name: 'Linux', os.arch: 'amd64', os.version: '4.15.0-158-generic', java.version: '16.0.2'
Driver info: driver.version: ChromeDriver
remote stacktrace: #0 0x5578b386dc43 <unknown>
#1 0x5578b33554e8 <unknown>
#2 0x5578b337874f <unknown>
#3 0x5578b337431f <unknown>
#4 0x5578b33ae2e5 <unknown>
#5 0x5578b33a86b3 <unknown>
#6 0x5578b337ea84 <unknown>
#7 0x5578b337fa75 <unknown>
#8 0x5578b389cf4e <unknown>
#9 0x5578b38b2997 <unknown>
#10 0x5578b389dea5 <unknown>
#11 0x5578b38b3de5 <unknown>
#12 0x5578b38925eb <unknown>
#13 0x5578b38ce358 <unknown>
#14 0x5578b38ce4d8 <unknown>
#15 0x5578b38e948d <unknown>
#16 0x7f7d8a1ed6db start_thread

at org.openqa.selenium.remote.W3CHandshakeResponse.lambda$errorHandler$0(W3CHandshakeResponse.java:62)
at org.openqa.selenium.remote.HandshakeResponse.lambda$getResponseFunction$0(HandshakeResponse.java:30)
at org.openqa.selenium.remote.ProtocolHandshake.lambda$createSession$0(ProtocolHandshake.java:126)
at java.base/java.util.stream.ReferencePipeline$3$1.accept(ReferencePipeline.java:197)
at java.base/java.util.Spliterators$ArraySpliterator.tryAdvance(Spliterators.java:958)
at java.base/java.util.stream.ReferencePipeline.forEachWithCancel(ReferencePipeline.java:129)
at java.base/java.util.stream.AbstractPipeline.copyIntoWithCancel(AbstractPipeline.java:502)
at java.base/java.util.stream.AbstractPipeline.copyInto(AbstractPipeline.java:488)
at java.base/java.util.stream.AbstractPipeline.wrapAndCopyInto(AbstractPipeline.java:474)
at java.base/java.util.stream.FindOps$FindOp.evaluateSequential(FindOps.java:150)
at java.base/java.util.stream.AbstractPipeline.evaluate(AbstractPipeline.java:234)
at java.base/java.util.stream.ReferencePipeline.findFirst(ReferencePipeline.java:647)
at org.openqa.selenium.remote.ProtocolHandshake.createSession(ProtocolHandshake.java:128)
at org.openqa.selenium.remote.ProtocolHandshake.createSession(ProtocolHandshake.java:74)
at org.openqa.selenium.remote.HttpCommandExecutor.execute(HttpCommandExecutor.java:136)
at org.openqa.selenium.remote.service.DriverCommandExecutor.execute(DriverCommandExecutor.java:83)
at org.openqa.selenium.remote.RemoteWebDriver.execute(RemoteWebDriver.java:552)
at org.openqa.selenium.remote.RemoteWebDriver.startSession(RemoteWebDriver.java:213)
at org.openqa.selenium.remote.RemoteWebDriver.<init>(RemoteWebDriver.java:131)
at org.openqa.selenium.chrome.ChromeDriver.<init>(ChromeDriver.java:181)
at org.openqa.selenium.chrome.ChromeDriver.<init>(ChromeDriver.java:168)
at org.openqa.selenium.chrome.ChromeDriver.<init>(ChromeDriver.java:123)
at ExtentReport.extentreports.test6(extentreports.java:175)
at java.base/java.util.ArrayList.forEach(ArrayList.java:1511)
... Removed 32 stack frames]]>
    </failure>
  </testcase> <!-- test6 -->
  <testcase classname="ExtentReport.extentreports" name="test7" time="0.434">
    <failure type="org.openqa.selenium.WebDriverException" message="unknown error: Chrome failed to start: exited abnormally.
  (unknown error: DevToolsActivePort file doesn&amp;apos;t exist)
  (The process started from chrome location /usr/bin/google-chrome is no longer running, so ChromeDriver is assuming that Chrome has crashed.)
Build info: version: &amp;apos;3.141.59&amp;apos;, revision: &amp;apos;e82be7d358&amp;apos;, time: &amp;apos;2018-11-14T08:25:53&amp;apos;
System info: host: &amp;apos;ajay-singh-lodhi&amp;apos;, ip: &amp;apos;192.168.2.130&amp;apos;, os.name: &amp;apos;Linux&amp;apos;, os.arch: &amp;apos;amd64&amp;apos;, os.version: &amp;apos;4.15.0-158-generic&amp;apos;, java.version: &amp;apos;16.0.2&amp;apos;
Driver info: driver.version: ChromeDriver
remote stacktrace: #0 0x5641e8804c43 &amp;lt;unknown&amp;gt;
#1 0x5641e82ec4e8 &amp;lt;unknown&amp;gt;
#2 0x5641e830f74f &amp;lt;unknown&amp;gt;
#3 0x5641e830b31f &amp;lt;unknown&amp;gt;
#4 0x5641e83452e5 &amp;lt;unknown&amp;gt;
#5 0x5641e833f6b3 &amp;lt;unknown&amp;gt;
#6 0x5641e8315a84 &amp;lt;unknown&amp;gt;
#7 0x5641e8316a75 &amp;lt;unknown&amp;gt;
#8 0x5641e8833f4e &amp;lt;unknown&amp;gt;
#9 0x5641e8849997 &amp;lt;unknown&amp;gt;
#10 0x5641e8834ea5 &amp;lt;unknown&amp;gt;
#11 0x5641e884ade5 &amp;lt;unknown&amp;gt;
#12 0x5641e88295eb &amp;lt;unknown&amp;gt;
#13 0x5641e8865358 &amp;lt;unknown&amp;gt;
#14 0x5641e88654d8 &amp;lt;unknown&amp;gt;
#15 0x5641e888048d &amp;lt;unknown&amp;gt;
#16 0x7f140b21a6db start_thread
">
      <![CDATA[org.openqa.selenium.WebDriverException: unknown error: Chrome failed to start: exited abnormally.
  (unknown error: DevToolsActivePort file doesn't exist)
  (The process started from chrome location /usr/bin/google-chrome is no longer running, so ChromeDriver is assuming that Chrome has crashed.)
Build info: version: '3.141.59', revision: 'e82be7d358', time: '2018-11-14T08:25:53'
System info: host: 'ajay-singh-lodhi', ip: '192.168.2.130', os.name: 'Linux', os.arch: 'amd64', os.version: '4.15.0-158-generic', java.version: '16.0.2'
Driver info: driver.version: ChromeDriver
remote stacktrace: #0 0x5641e8804c43 <unknown>
#1 0x5641e82ec4e8 <unknown>
#2 0x5641e830f74f <unknown>
#3 0x5641e830b31f <unknown>
#4 0x5641e83452e5 <unknown>
#5 0x5641e833f6b3 <unknown>
#6 0x5641e8315a84 <unknown>
#7 0x5641e8316a75 <unknown>
#8 0x5641e8833f4e <unknown>
#9 0x5641e8849997 <unknown>
#10 0x5641e8834ea5 <unknown>
#11 0x5641e884ade5 <unknown>
#12 0x5641e88295eb <unknown>
#13 0x5641e8865358 <unknown>
#14 0x5641e88654d8 <unknown>
#15 0x5641e888048d <unknown>
#16 0x7f140b21a6db start_thread

at org.openqa.selenium.remote.W3CHandshakeResponse.lambda$errorHandler$0(W3CHandshakeResponse.java:62)
at org.openqa.selenium.remote.HandshakeResponse.lambda$getResponseFunction$0(HandshakeResponse.java:30)
at org.openqa.selenium.remote.ProtocolHandshake.lambda$createSession$0(ProtocolHandshake.java:126)
at java.base/java.util.stream.ReferencePipeline$3$1.accept(ReferencePipeline.java:197)
at java.base/java.util.Spliterators$ArraySpliterator.tryAdvance(Spliterators.java:958)
at java.base/java.util.stream.ReferencePipeline.forEachWithCancel(ReferencePipeline.java:129)
at java.base/java.util.stream.AbstractPipeline.copyIntoWithCancel(AbstractPipeline.java:502)
at java.base/java.util.stream.AbstractPipeline.copyInto(AbstractPipeline.java:488)
at java.base/java.util.stream.AbstractPipeline.wrapAndCopyInto(AbstractPipeline.java:474)
at java.base/java.util.stream.FindOps$FindOp.evaluateSequential(FindOps.java:150)
at java.base/java.util.stream.AbstractPipeline.evaluate(AbstractPipeline.java:234)
at java.base/java.util.stream.ReferencePipeline.findFirst(ReferencePipeline.java:647)
at org.openqa.selenium.remote.ProtocolHandshake.createSession(ProtocolHandshake.java:128)
at org.openqa.selenium.remote.ProtocolHandshake.createSession(ProtocolHandshake.java:74)
at org.openqa.selenium.remote.HttpCommandExecutor.execute(HttpCommandExecutor.java:136)
at org.openqa.selenium.remote.service.DriverCommandExecutor.execute(DriverCommandExecutor.java:83)
at org.openqa.selenium.remote.RemoteWebDriver.execute(RemoteWebDriver.java:552)
at org.openqa.selenium.remote.RemoteWebDriver.startSession(RemoteWebDriver.java:213)
at org.openqa.selenium.remote.RemoteWebDriver.<init>(RemoteWebDriver.java:131)
at org.openqa.selenium.chrome.ChromeDriver.<init>(ChromeDriver.java:181)
at org.openqa.selenium.chrome.ChromeDriver.<init>(ChromeDriver.java:168)
at org.openqa.selenium.chrome.ChromeDriver.<init>(ChromeDriver.java:123)
at ExtentReport.extentreports.test7(extentreports.java:198)
at java.base/java.util.ArrayList.forEach(ArrayList.java:1511)
... Removed 32 stack frames]]>
    </failure>
  </testcase> <!-- test7 -->
  <testcase classname="ExtentReport.extentreports" name="test8" time="0.429">
    <failure type="org.openqa.selenium.WebDriverException" message="unknown error: Chrome failed to start: exited abnormally.
  (unknown error: DevToolsActivePort file doesn&amp;apos;t exist)
  (The process started from chrome location /usr/bin/google-chrome is no longer running, so ChromeDriver is assuming that Chrome has crashed.)
Build info: version: &amp;apos;3.141.59&amp;apos;, revision: &amp;apos;e82be7d358&amp;apos;, time: &amp;apos;2018-11-14T08:25:53&amp;apos;
System info: host: &amp;apos;ajay-singh-lodhi&amp;apos;, ip: &amp;apos;192.168.2.130&amp;apos;, os.name: &amp;apos;Linux&amp;apos;, os.arch: &amp;apos;amd64&amp;apos;, os.version: &amp;apos;4.15.0-158-generic&amp;apos;, java.version: &amp;apos;16.0.2&amp;apos;
Driver info: driver.version: ChromeDriver
remote stacktrace: #0 0x55e919903c43 &amp;lt;unknown&amp;gt;
#1 0x55e9193eb4e8 &amp;lt;unknown&amp;gt;
#2 0x55e91940e74f &amp;lt;unknown&amp;gt;
#3 0x55e91940a31f &amp;lt;unknown&amp;gt;
#4 0x55e9194442e5 &amp;lt;unknown&amp;gt;
#5 0x55e91943e6b3 &amp;lt;unknown&amp;gt;
#6 0x55e919414a84 &amp;lt;unknown&amp;gt;
#7 0x55e919415a75 &amp;lt;unknown&amp;gt;
#8 0x55e919932f4e &amp;lt;unknown&amp;gt;
#9 0x55e919948997 &amp;lt;unknown&amp;gt;
#10 0x55e919933ea5 &amp;lt;unknown&amp;gt;
#11 0x55e919949de5 &amp;lt;unknown&amp;gt;
#12 0x55e9199285eb &amp;lt;unknown&amp;gt;
#13 0x55e919964358 &amp;lt;unknown&amp;gt;
#14 0x55e9199644d8 &amp;lt;unknown&amp;gt;
#15 0x55e91997f48d &amp;lt;unknown&amp;gt;
#16 0x7f74485aa6db start_thread
">
      <![CDATA[org.openqa.selenium.WebDriverException: unknown error: Chrome failed to start: exited abnormally.
  (unknown error: DevToolsActivePort file doesn't exist)
  (The process started from chrome location /usr/bin/google-chrome is no longer running, so ChromeDriver is assuming that Chrome has crashed.)
Build info: version: '3.141.59', revision: 'e82be7d358', time: '2018-11-14T08:25:53'
System info: host: 'ajay-singh-lodhi', ip: '192.168.2.130', os.name: 'Linux', os.arch: 'amd64', os.version: '4.15.0-158-generic', java.version: '16.0.2'
Driver info: driver.version: ChromeDriver
remote stacktrace: #0 0x55e919903c43 <unknown>
#1 0x55e9193eb4e8 <unknown>
#2 0x55e91940e74f <unknown>
#3 0x55e91940a31f <unknown>
#4 0x55e9194442e5 <unknown>
#5 0x55e91943e6b3 <unknown>
#6 0x55e919414a84 <unknown>
#7 0x55e919415a75 <unknown>
#8 0x55e919932f4e <unknown>
#9 0x55e919948997 <unknown>
#10 0x55e919933ea5 <unknown>
#11 0x55e919949de5 <unknown>
#12 0x55e9199285eb <unknown>
#13 0x55e919964358 <unknown>
#14 0x55e9199644d8 <unknown>
#15 0x55e91997f48d <unknown>
#16 0x7f74485aa6db start_thread

at org.openqa.selenium.remote.W3CHandshakeResponse.lambda$errorHandler$0(W3CHandshakeResponse.java:62)
at org.openqa.selenium.remote.HandshakeResponse.lambda$getResponseFunction$0(HandshakeResponse.java:30)
at org.openqa.selenium.remote.ProtocolHandshake.lambda$createSession$0(ProtocolHandshake.java:126)
at java.base/java.util.stream.ReferencePipeline$3$1.accept(ReferencePipeline.java:197)
at java.base/java.util.Spliterators$ArraySpliterator.tryAdvance(Spliterators.java:958)
at java.base/java.util.stream.ReferencePipeline.forEachWithCancel(ReferencePipeline.java:129)
at java.base/java.util.stream.AbstractPipeline.copyIntoWithCancel(AbstractPipeline.java:502)
at java.base/java.util.stream.AbstractPipeline.copyInto(AbstractPipeline.java:488)
at java.base/java.util.stream.AbstractPipeline.wrapAndCopyInto(AbstractPipeline.java:474)
at java.base/java.util.stream.FindOps$FindOp.evaluateSequential(FindOps.java:150)
at java.base/java.util.stream.AbstractPipeline.evaluate(AbstractPipeline.java:234)
at java.base/java.util.stream.ReferencePipeline.findFirst(ReferencePipeline.java:647)
at org.openqa.selenium.remote.ProtocolHandshake.createSession(ProtocolHandshake.java:128)
at org.openqa.selenium.remote.ProtocolHandshake.createSession(ProtocolHandshake.java:74)
at org.openqa.selenium.remote.HttpCommandExecutor.execute(HttpCommandExecutor.java:136)
at org.openqa.selenium.remote.service.DriverCommandExecutor.execute(DriverCommandExecutor.java:83)
at org.openqa.selenium.remote.RemoteWebDriver.execute(RemoteWebDriver.java:552)
at org.openqa.selenium.remote.RemoteWebDriver.startSession(RemoteWebDriver.java:213)
at org.openqa.selenium.remote.RemoteWebDriver.<init>(RemoteWebDriver.java:131)
at org.openqa.selenium.chrome.ChromeDriver.<init>(ChromeDriver.java:181)
at org.openqa.selenium.chrome.ChromeDriver.<init>(ChromeDriver.java:168)
at org.openqa.selenium.chrome.ChromeDriver.<init>(ChromeDriver.java:123)
at ExtentReport.extentreports.test8(extentreports.java:221)
at java.base/java.util.ArrayList.forEach(ArrayList.java:1511)
... Removed 32 stack frames]]>
    </failure>
  </testcase> <!-- test8 -->
  <testcase classname="ExtentReport.extentreports" name="test9" time="0.535">
    <failure type="org.openqa.selenium.WebDriverException" message="unknown error: Chrome failed to start: exited abnormally.
  (unknown error: DevToolsActivePort file doesn&amp;apos;t exist)
  (The process started from chrome location /usr/bin/google-chrome is no longer running, so ChromeDriver is assuming that Chrome has crashed.)
Build info: version: &amp;apos;3.141.59&amp;apos;, revision: &amp;apos;e82be7d358&amp;apos;, time: &amp;apos;2018-11-14T08:25:53&amp;apos;
System info: host: &amp;apos;ajay-singh-lodhi&amp;apos;, ip: &amp;apos;192.168.2.130&amp;apos;, os.name: &amp;apos;Linux&amp;apos;, os.arch: &amp;apos;amd64&amp;apos;, os.version: &amp;apos;4.15.0-158-generic&amp;apos;, java.version: &amp;apos;16.0.2&amp;apos;
Driver info: driver.version: ChromeDriver
remote stacktrace: #0 0x55ce306cfc43 &amp;lt;unknown&amp;gt;
#1 0x55ce301b74e8 &amp;lt;unknown&amp;gt;
#2 0x55ce301da74f &amp;lt;unknown&amp;gt;
#3 0x55ce301d631f &amp;lt;unknown&amp;gt;
#4 0x55ce302102e5 &amp;lt;unknown&amp;gt;
#5 0x55ce3020a6b3 &amp;lt;unknown&amp;gt;
#6 0x55ce301e0a84 &amp;lt;unknown&amp;gt;
#7 0x55ce301e1a75 &amp;lt;unknown&amp;gt;
#8 0x55ce306fef4e &amp;lt;unknown&amp;gt;
#9 0x55ce30714997 &amp;lt;unknown&amp;gt;
#10 0x55ce306ffea5 &amp;lt;unknown&amp;gt;
#11 0x55ce30715de5 &amp;lt;unknown&amp;gt;
#12 0x55ce306f45eb &amp;lt;unknown&amp;gt;
#13 0x55ce30730358 &amp;lt;unknown&amp;gt;
#14 0x55ce307304d8 &amp;lt;unknown&amp;gt;
#15 0x55ce3074b48d &amp;lt;unknown&amp;gt;
#16 0x7f64414616db start_thread
">
      <![CDATA[org.openqa.selenium.WebDriverException: unknown error: Chrome failed to start: exited abnormally.
  (unknown error: DevToolsActivePort file doesn't exist)
  (The process started from chrome location /usr/bin/google-chrome is no longer running, so ChromeDriver is assuming that Chrome has crashed.)
Build info: version: '3.141.59', revision: 'e82be7d358', time: '2018-11-14T08:25:53'
System info: host: 'ajay-singh-lodhi', ip: '192.168.2.130', os.name: 'Linux', os.arch: 'amd64', os.version: '4.15.0-158-generic', java.version: '16.0.2'
Driver info: driver.version: ChromeDriver
remote stacktrace: #0 0x55ce306cfc43 <unknown>
#1 0x55ce301b74e8 <unknown>
#2 0x55ce301da74f <unknown>
#3 0x55ce301d631f <unknown>
#4 0x55ce302102e5 <unknown>
#5 0x55ce3020a6b3 <unknown>
#6 0x55ce301e0a84 <unknown>
#7 0x55ce301e1a75 <unknown>
#8 0x55ce306fef4e <unknown>
#9 0x55ce30714997 <unknown>
#10 0x55ce306ffea5 <unknown>
#11 0x55ce30715de5 <unknown>
#12 0x55ce306f45eb <unknown>
#13 0x55ce30730358 <unknown>
#14 0x55ce307304d8 <unknown>
#15 0x55ce3074b48d <unknown>
#16 0x7f64414616db start_thread

at org.openqa.selenium.remote.W3CHandshakeResponse.lambda$errorHandler$0(W3CHandshakeResponse.java:62)
at org.openqa.selenium.remote.HandshakeResponse.lambda$getResponseFunction$0(HandshakeResponse.java:30)
at org.openqa.selenium.remote.ProtocolHandshake.lambda$createSession$0(ProtocolHandshake.java:126)
at java.base/java.util.stream.ReferencePipeline$3$1.accept(ReferencePipeline.java:197)
at java.base/java.util.Spliterators$ArraySpliterator.tryAdvance(Spliterators.java:958)
at java.base/java.util.stream.ReferencePipeline.forEachWithCancel(ReferencePipeline.java:129)
at java.base/java.util.stream.AbstractPipeline.copyIntoWithCancel(AbstractPipeline.java:502)
at java.base/java.util.stream.AbstractPipeline.copyInto(AbstractPipeline.java:488)
at java.base/java.util.stream.AbstractPipeline.wrapAndCopyInto(AbstractPipeline.java:474)
at java.base/java.util.stream.FindOps$FindOp.evaluateSequential(FindOps.java:150)
at java.base/java.util.stream.AbstractPipeline.evaluate(AbstractPipeline.java:234)
at java.base/java.util.stream.ReferencePipeline.findFirst(ReferencePipeline.java:647)
at org.openqa.selenium.remote.ProtocolHandshake.createSession(ProtocolHandshake.java:128)
at org.openqa.selenium.remote.ProtocolHandshake.createSession(ProtocolHandshake.java:74)
at org.openqa.selenium.remote.HttpCommandExecutor.execute(HttpCommandExecutor.java:136)
at org.openqa.selenium.remote.service.DriverCommandExecutor.execute(DriverCommandExecutor.java:83)
at org.openqa.selenium.remote.RemoteWebDriver.execute(RemoteWebDriver.java:552)
at org.openqa.selenium.remote.RemoteWebDriver.startSession(RemoteWebDriver.java:213)
at org.openqa.selenium.remote.RemoteWebDriver.<init>(RemoteWebDriver.java:131)
at org.openqa.selenium.chrome.ChromeDriver.<init>(ChromeDriver.java:181)
at org.openqa.selenium.chrome.ChromeDriver.<init>(ChromeDriver.java:168)
at org.openqa.selenium.chrome.ChromeDriver.<init>(ChromeDriver.java:123)
at ExtentReport.extentreports.test9(extentreports.java:244)
at java.base/java.util.ArrayList.forEach(ArrayList.java:1511)
... Removed 32 stack frames]]>
    </failure>
  </testcase> <!-- test9 -->
</testsuite> <!-- Test -->
