<?xml version="1.0" encoding="UTF-8"?>
<!-- Generated by org.testng.reporters.JUnitReportReporter -->
<testsuite hostname="ajay-singh-lodhi" failures="2" tests="20" name="EmojiandBold.EmojiandFonts" time="306.021" errors="0" timestamp="2023-09-14T12:47:16 IST" skipped="0">
  <testcase classname="EmojiandBold.EmojiandFonts" name="tests04" time="14.506"/>
  <system-out/>
  <testcase classname="EmojiandBold.EmojiandFonts" name="tests05" time="14.288"/>
  <system-out/>
  <testcase classname="EmojiandBold.EmojiandFonts" name="tests01" time="15.481"/>
  <system-out/>
  <testcase classname="EmojiandBold.EmojiandFonts" name="tests00" time="12.859"/>
  <system-out/>
  <testcase classname="EmojiandBold.EmojiandFonts" name="tests018" time="14.773"/>
  <system-out/>
  <testcase classname="EmojiandBold.EmojiandFonts" name="tests06" time="14.084"/>
  <system-out/>
  <testcase classname="EmojiandBold.EmojiandFonts" name="tests03" time="13.990"/>
  <system-out/>
  <testcase classname="EmojiandBold.EmojiandFonts" name="tests016" time="15.887"/>
  <system-out/>
  <testcase classname="EmojiandBold.EmojiandFonts" name="tests010" time="18.027"/>
  <system-out/>
  <testcase classname="EmojiandBold.EmojiandFonts" name="tests015" time="15.389">
    <failure message="expected [test] but found [Abcdefghijklmnopqrstuvwxyz]" type="java.lang.AssertionError">
      <![CDATA[java.lang.AssertionError: expected [test] but found [Abcdefghijklmnopqrstuvwxyz]
at org.testng.Assert.fail(Assert.java:99)
at org.testng.Assert.failNotEquals(Assert.java:1037)
at org.testng.Assert.assertEqualsImpl(Assert.java:140)
at org.testng.Assert.assertEquals(Assert.java:122)
at org.testng.Assert.assertEquals(Assert.java:629)
at org.testng.Assert.assertEquals(Assert.java:639)
at EmojiandBold.EmojiandFonts.tests015(EmojiandFonts.java:749)
at java.base/jdk.internal.reflect.NativeMethodAccessorImpl.invoke0(Native Method)
at java.base/jdk.internal.reflect.NativeMethodAccessorImpl.invoke(NativeMethodAccessorImpl.java:78)
at java.base/jdk.internal.reflect.DelegatingMethodAccessorImpl.invoke(DelegatingMethodAccessorImpl.java:43)
at java.base/java.lang.reflect.Method.invoke(Method.java:567)
at org.testng.internal.MethodInvocationHelper.invokeMethod(MethodInvocationHelper.java:133)
at org.testng.internal.TestInvoker.invokeMethod(TestInvoker.java:598)
at org.testng.internal.TestInvoker.invokeTestMethod(TestInvoker.java:173)
at org.testng.internal.MethodRunner.runInSequence(MethodRunner.java:46)
at org.testng.internal.TestInvoker$MethodInvocationAgent.invoke(TestInvoker.java:824)
at org.testng.internal.TestInvoker.invokeTestMethods(TestInvoker.java:146)
at org.testng.internal.TestMethodWorker.invokeTestMethods(TestMethodWorker.java:146)
at org.testng.internal.TestMethodWorker.run(TestMethodWorker.java:128)
at java.base/java.util.ArrayList.forEach(ArrayList.java:1511)
at org.testng.TestRunner.privateRun(TestRunner.java:794)
at org.testng.TestRunner.run(TestRunner.java:596)
at org.testng.SuiteRunner.runTest(SuiteRunner.java:377)
at org.testng.SuiteRunner.runSequentially(SuiteRunner.java:371)
at org.testng.SuiteRunner.privateRun(SuiteRunner.java:332)
at org.testng.SuiteRunner.run(SuiteRunner.java:276)
at org.testng.SuiteRunnerWorker.runSuite(SuiteRunnerWorker.java:53)
at org.testng.SuiteRunnerWorker.run(SuiteRunnerWorker.java:96)
at org.testng.TestNG.runSuitesSequentially(TestNG.java:1212)
at org.testng.TestNG.runSuitesLocally(TestNG.java:1134)
at org.testng.TestNG.runSuites(TestNG.java:1063)
at org.testng.TestNG.run(TestNG.java:1031)
at org.testng.remote.AbstractRemoteTestNG.run(AbstractRemoteTestNG.java:115)
at org.testng.remote.RemoteTestNG.initAndRun(RemoteTestNG.java:251)
at org.testng.remote.RemoteTestNG.main(RemoteTestNG.java:77)
]]>
    </failure>
  </testcase> <!-- tests015 -->
  <system-out/>
  <testcase classname="EmojiandBold.EmojiandFonts" name="tests017" time="15.672"/>
  <system-out/>
  <testcase classname="EmojiandBold.EmojiandFonts" name="tests09" time="17.593"/>
  <system-out/>
  <testcase classname="EmojiandBold.EmojiandFonts" name="tests012" time="15.078"/>
  <system-out/>
  <testcase classname="EmojiandBold.EmojiandFonts" name="tests019" time="17.860"/>
  <system-out/>
  <testcase classname="EmojiandBold.EmojiandFonts" name="tests02" time="14.300"/>
  <system-out/>
  <testcase classname="EmojiandBold.EmojiandFonts" name="tests013" time="17.476"/>
  <system-out/>
  <testcase classname="EmojiandBold.EmojiandFonts" name="tests011" time="17.311"/>
  <system-out/>
  <testcase classname="EmojiandBold.EmojiandFonts" name="tests08" time="13.936"/>
  <system-out/>
  <testcase classname="EmojiandBold.EmojiandFonts" name="tests014" time="13.304">
    <failure message="expected [test] but found [Test]" type="java.lang.AssertionError">
      <![CDATA[java.lang.AssertionError: expected [test] but found [Test]
at org.testng.Assert.fail(Assert.java:99)
at org.testng.Assert.failNotEquals(Assert.java:1037)
at org.testng.Assert.assertEqualsImpl(Assert.java:140)
at org.testng.Assert.assertEquals(Assert.java:122)
at org.testng.Assert.assertEquals(Assert.java:629)
at org.testng.Assert.assertEquals(Assert.java:639)
at EmojiandBold.EmojiandFonts.tests014(EmojiandFonts.java:701)
at java.base/jdk.internal.reflect.NativeMethodAccessorImpl.invoke0(Native Method)
at java.base/jdk.internal.reflect.NativeMethodAccessorImpl.invoke(NativeMethodAccessorImpl.java:78)
at java.base/jdk.internal.reflect.DelegatingMethodAccessorImpl.invoke(DelegatingMethodAccessorImpl.java:43)
at java.base/java.lang.reflect.Method.invoke(Method.java:567)
at org.testng.internal.MethodInvocationHelper.invokeMethod(MethodInvocationHelper.java:133)
at org.testng.internal.TestInvoker.invokeMethod(TestInvoker.java:598)
at org.testng.internal.TestInvoker.invokeTestMethod(TestInvoker.java:173)
at org.testng.internal.MethodRunner.runInSequence(MethodRunner.java:46)
at org.testng.internal.TestInvoker$MethodInvocationAgent.invoke(TestInvoker.java:824)
at org.testng.internal.TestInvoker.invokeTestMethods(TestInvoker.java:146)
at org.testng.internal.TestMethodWorker.invokeTestMethods(TestMethodWorker.java:146)
at org.testng.internal.TestMethodWorker.run(TestMethodWorker.java:128)
at java.base/java.util.ArrayList.forEach(ArrayList.java:1511)
at org.testng.TestRunner.privateRun(TestRunner.java:794)
at org.testng.TestRunner.run(TestRunner.java:596)
at org.testng.SuiteRunner.runTest(SuiteRunner.java:377)
at org.testng.SuiteRunner.runSequentially(SuiteRunner.java:371)
at org.testng.SuiteRunner.privateRun(SuiteRunner.java:332)
at org.testng.SuiteRunner.run(SuiteRunner.java:276)
at org.testng.SuiteRunnerWorker.runSuite(SuiteRunnerWorker.java:53)
at org.testng.SuiteRunnerWorker.run(SuiteRunnerWorker.java:96)
at org.testng.TestNG.runSuitesSequentially(TestNG.java:1212)
at org.testng.TestNG.runSuitesLocally(TestNG.java:1134)
at org.testng.TestNG.runSuites(TestNG.java:1063)
at org.testng.TestNG.run(TestNG.java:1031)
at org.testng.remote.AbstractRemoteTestNG.run(AbstractRemoteTestNG.java:115)
at org.testng.remote.RemoteTestNG.initAndRun(RemoteTestNG.java:251)
at org.testng.remote.RemoteTestNG.main(RemoteTestNG.java:77)
]]>
    </failure>
  </testcase> <!-- tests014 -->
  <system-out/>
  <testcase classname="EmojiandBold.EmojiandFonts" name="tests07" time="14.207"/>
  <system-out/>
</testsuite> <!-- EmojiandBold.EmojiandFonts -->
