<?xml version="1.0" encoding="UTF-8"?>
<!-- Generated by org.testng.reporters.JUnitReportReporter -->
<testsuite hostname="ajay-singh-lodhi" failures="1" tests="21" name="Enhancement2.QRPpanel" time="350.979" errors="0" timestamp="2023-01-11T16:29:53 IST" skipped="0">
  <testcase classname="Enhancement2.QRPpanel" name="test20" time="15.426"/>
  <system-out/>
  <testcase classname="Enhancement2.QRPpanel" name="test00" time="13.438"/>
  <system-out/>
  <testcase classname="Enhancement2.QRPpanel" name="test13" time="15.929"/>
  <system-out/>
  <testcase classname="Enhancement2.QRPpanel" name="test08" time="14.630"/>
  <system-out/>
  <testcase classname="Enhancement2.QRPpanel" name="test19" time="26.064"/>
  <system-out/>
  <testcase classname="Enhancement2.QRPpanel" name="test07" time="15.521"/>
  <system-out/>
  <testcase classname="Enhancement2.QRPpanel" name="test02" time="14.333"/>
  <system-out/>
  <testcase classname="Enhancement2.QRPpanel" name="test03" time="18.207">
    <failure message="expected [2022-07-14-19-4.....pdf] but found [VenkataReddy_Au.....zip]" type="java.lang.AssertionError">
      <![CDATA[java.lang.AssertionError: expected [2022-07-14-19-4.....pdf] but found [VenkataReddy_Au.....zip]
at org.testng.Assert.fail(Assert.java:99)
at org.testng.Assert.failNotEquals(Assert.java:1037)
at org.testng.Assert.assertEqualsImpl(Assert.java:140)
at org.testng.Assert.assertEquals(Assert.java:122)
at org.testng.Assert.assertEquals(Assert.java:629)
at org.testng.Assert.assertEquals(Assert.java:639)
at Enhancement2.QRPpanel.test03(QRPpanel.java:184)
at java.base/jdk.internal.reflect.NativeMethodAccessorImpl.invoke0(Native Method)
at java.base/jdk.internal.reflect.NativeMethodAccessorImpl.invoke(NativeMethodAccessorImpl.java:78)
at java.base/jdk.internal.reflect.DelegatingMethodAccessorImpl.invoke(DelegatingMethodAccessorImpl.java:43)
at java.base/java.lang.reflect.Method.invoke(Method.java:567)
at org.testng.internal.MethodInvocationHelper.invokeMethod(MethodInvocationHelper.java:133)
at org.testng.internal.TestInvoker.invokeMethod(TestInvoker.java:598)
at org.testng.internal.TestInvoker.invokeTestMethod(TestInvoker.java:173)
at org.testng.internal.MethodRunner.runInSequence(MethodRunner.java:46)
at org.testng.internal.TestInvoker$MethodInvocationAgent.invoke(TestInvoker.java:824)
at org.testng.internal.TestInvoker.invokeTestMethods(TestInvoker.java:146)
at org.testng.internal.TestMethodWorker.invokeTestMethods(TestMethodWorker.java:146)
at org.testng.internal.TestMethodWorker.run(TestMethodWorker.java:128)
at java.base/java.util.ArrayList.forEach(ArrayList.java:1511)
at org.testng.TestRunner.privateRun(TestRunner.java:794)
at org.testng.TestRunner.run(TestRunner.java:596)
at org.testng.SuiteRunner.runTest(SuiteRunner.java:377)
at org.testng.SuiteRunner.runSequentially(SuiteRunner.java:371)
at org.testng.SuiteRunner.privateRun(SuiteRunner.java:332)
at org.testng.SuiteRunner.run(SuiteRunner.java:276)
at org.testng.SuiteRunnerWorker.runSuite(SuiteRunnerWorker.java:53)
at org.testng.SuiteRunnerWorker.run(SuiteRunnerWorker.java:96)
at org.testng.TestNG.runSuitesSequentially(TestNG.java:1212)
at org.testng.TestNG.runSuitesLocally(TestNG.java:1134)
at org.testng.TestNG.runSuites(TestNG.java:1063)
at org.testng.TestNG.run(TestNG.java:1031)
at org.testng.remote.AbstractRemoteTestNG.run(AbstractRemoteTestNG.java:115)
at org.testng.remote.RemoteTestNG.initAndRun(RemoteTestNG.java:251)
at org.testng.remote.RemoteTestNG.main(RemoteTestNG.java:77)
]]>
    </failure>
  </testcase> <!-- test03 -->
  <system-out/>
  <testcase classname="Enhancement2.QRPpanel" name="test12" time="19.287"/>
  <system-out/>
  <testcase classname="Enhancement2.QRPpanel" name="test06" time="18.499"/>
  <system-out/>
  <testcase classname="Enhancement2.QRPpanel" name="test10" time="16.368"/>
  <system-out/>
  <testcase classname="Enhancement2.QRPpanel" name="test11" time="14.630"/>
  <system-out/>
  <testcase classname="Enhancement2.QRPpanel" name="test01" time="14.664"/>
  <system-out/>
  <testcase classname="Enhancement2.QRPpanel" name="test15" time="18.762"/>
  <system-out/>
  <testcase classname="Enhancement2.QRPpanel" name="test17" time="15.057"/>
  <system-out/>
  <testcase classname="Enhancement2.QRPpanel" name="test09" time="18.915"/>
  <system-out/>
  <testcase classname="Enhancement2.QRPpanel" name="test16" time="15.705"/>
  <system-out/>
  <testcase classname="Enhancement2.QRPpanel" name="test14" time="14.677"/>
  <system-out/>
  <testcase classname="Enhancement2.QRPpanel" name="test18" time="19.799"/>
  <system-out/>
  <testcase classname="Enhancement2.QRPpanel" name="test04" time="16.615"/>
  <system-out/>
  <testcase classname="Enhancement2.QRPpanel" name="test05" time="14.453"/>
  <system-out/>
</testsuite> <!-- Enhancement2.QRPpanel -->
