<?xml version="1.0" encoding="UTF-8"?>
<!-- Generated by org.testng.reporters.JUnitReportReporter -->
<testsuite hostname="ajay-singh-lodhi" failures="0" tests="38" name="filters.filter" time="584.672" errors="1" timestamp="2022-04-25T15:32:52 IST" skipped="0">
  <testcase classname="filters.filter" name="test6" time="17.231"/>
  <system-out/>
  <testcase classname="filters.filter" name="testcase18" time="16.963"/>
  <system-out/>
  <testcase classname="filters.filter" name="testcase13" time="12.904"/>
  <system-out/>
  <testcase classname="filters.filter" name="testcase11" time="17.096"/>
  <system-out/>
  <testcase classname="filters.filter" name="testcase15" time="17.092"/>
  <system-out/>
  <testcase classname="filters.filter" name="testcase34" time="15.794"/>
  <system-out/>
  <testcase classname="filters.filter" name="testcase17" time="13.119"/>
  <system-out/>
  <testcase classname="filters.filter" name="testcase22" time="17.134"/>
  <system-out/>
  <testcase classname="filters.filter" name="testcase19" time="17.160"/>
  <system-out/>
  <testcase classname="filters.filter" name="test9" time="12.740"/>
  <system-out/>
  <testcase classname="filters.filter" name="testcase21" time="13.010"/>
  <system-out/>
  <testcase classname="filters.filter" name="testcase36" time="15.670"/>
  <system-out/>
  <testcase classname="filters.filter" name="test2" time="17.473"/>
  <system-out/>
  <testcase classname="filters.filter" name="testcase33" time="11.059"/>
  <system-out/>
  <testcase classname="filters.filter" name="test8" time="17.243"/>
  <system-out/>
  <testcase classname="filters.filter" name="testcase14" time="17.032"/>
  <system-out/>
  <testcase classname="filters.filter" name="testcase10" time="17.148"/>
  <system-out/>
  <testcase classname="filters.filter" name="test5" time="12.589"/>
  <system-out/>
  <testcase classname="filters.filter" name="testcase24" time="14.962"/>
  <system-out/>
  <testcase classname="filters.filter" name="test" time="12.486"/>
  <system-out/>
  <testcase classname="filters.filter" name="test1" time="12.588"/>
  <system-out/>
  <testcase classname="filters.filter" name="testcase28" time="16.356"/>
  <system-out/>
  <testcase classname="filters.filter" name="test4" time="17.228"/>
  <system-out/>
  <testcase classname="filters.filter" name="testcase16" time="17.370"/>
  <system-out/>
  <testcase classname="filters.filter" name="testcase25" time="11.215"/>
  <system-out/>
  <testcase classname="filters.filter" name="testcase20" time="17.602"/>
  <system-out/>
  <testcase classname="filters.filter" name="testcase29" time="11.477"/>
  <system-out/>
  <testcase classname="filters.filter" name="testcase35" time="15.056"/>
  <system-out/>
  <testcase classname="filters.filter" name="testcase23" time="17.313"/>
  <system-out/>
  <testcase classname="filters.filter" name="test7" time="17.466"/>
  <system-out/>
  <testcase classname="filters.filter" name="testcase37" time="10.888">
    <error message="no such element: Unable to locate element: {&quot;method&quot;:&quot;xpath&quot;,&quot;selector&quot;:&quot;//div[@class=&#039;filter-access-btn&#039;]&quot;}
  (Session info: chrome=96.0.4664.110)
For documentation on this error, please visit: https://www.seleniumhq.org/exceptions/no_such_element.html
Build info: version: &#039;3.141.59&#039;, revision: &#039;e82be7d358&#039;, time: &#039;2018-11-14T08:25:53&#039;
System info: host: &#039;ajay-singh-lodhi&#039;, ip: &#039;192.168.110.89&#039;, os.name: &#039;Linux&#039;, os.arch: &#039;amd64&#039;, os.version: &#039;4.15.0-176-generic&#039;, java.version: &#039;16.0.2&#039;
Driver info: org.openqa.selenium.chrome.ChromeDriver
Capabilities {acceptInsecureCerts: false, browserName: chrome, browserVersion: 96.0.4664.110, chrome: {chromedriverVersion: 96.0.4664.45 (76e4c1bb2ab46..., userDataDir: /tmp/.com.google.Chrome.qfUabf}, goog:chromeOptions: {debuggerAddress: localhost:42761}, javascriptEnabled: true, networkConnectionEnabled: false, pageLoadStrategy: normal, platform: LINUX, platformName: LINUX, proxy: Proxy(), setWindowRect: true, strictFileInteractability: false, timeouts: {implicit: 0, pageLoad: 300000, script: 30000}, unhandledPromptBehavior: dismiss and notify, webauthn:extension:credBlob: true, webauthn:extension:largeBlob: true, webauthn:virtualAuthenticators: true}
Session ID: 4f091af3829c2c3ff065841d54d515d8
*** Element info: {Using=xpath, value=//div[@class=&#039;filter-access-btn&#039;]}" type="org.openqa.selenium.NoSuchElementException">
      <![CDATA[org.openqa.selenium.NoSuchElementException: no such element: Unable to locate element: {"method":"xpath","selector":"//div[@class='filter-access-btn']"}
  (Session info: chrome=96.0.4664.110)
For documentation on this error, please visit: https://www.seleniumhq.org/exceptions/no_such_element.html
Build info: version: '3.141.59', revision: 'e82be7d358', time: '2018-11-14T08:25:53'
System info: host: 'ajay-singh-lodhi', ip: '192.168.110.89', os.name: 'Linux', os.arch: 'amd64', os.version: '4.15.0-176-generic', java.version: '16.0.2'
Driver info: org.openqa.selenium.chrome.ChromeDriver
Capabilities {acceptInsecureCerts: false, browserName: chrome, browserVersion: 96.0.4664.110, chrome: {chromedriverVersion: 96.0.4664.45 (76e4c1bb2ab46..., userDataDir: /tmp/.com.google.Chrome.qfUabf}, goog:chromeOptions: {debuggerAddress: localhost:42761}, javascriptEnabled: true, networkConnectionEnabled: false, pageLoadStrategy: normal, platform: LINUX, platformName: LINUX, proxy: Proxy(), setWindowRect: true, strictFileInteractability: false, timeouts: {implicit: 0, pageLoad: 300000, script: 30000}, unhandledPromptBehavior: dismiss and notify, webauthn:extension:credBlob: true, webauthn:extension:largeBlob: true, webauthn:virtualAuthenticators: true}
Session ID: 4f091af3829c2c3ff065841d54d515d8
*** Element info: {Using=xpath, value=//div[@class='filter-access-btn']}
at java.base/jdk.internal.reflect.NativeConstructorAccessorImpl.newInstance0(Native Method)
at java.base/jdk.internal.reflect.NativeConstructorAccessorImpl.newInstance(NativeConstructorAccessorImpl.java:78)
at java.base/jdk.internal.reflect.DelegatingConstructorAccessorImpl.newInstance(DelegatingConstructorAccessorImpl.java:45)
at java.base/java.lang.reflect.Constructor.newInstanceWithCaller(Constructor.java:499)
at java.base/java.lang.reflect.Constructor.newInstance(Constructor.java:480)
at org.openqa.selenium.remote.http.W3CHttpResponseCodec.createException(W3CHttpResponseCodec.java:187)
at org.openqa.selenium.remote.http.W3CHttpResponseCodec.decode(W3CHttpResponseCodec.java:122)
at org.openqa.selenium.remote.http.W3CHttpResponseCodec.decode(W3CHttpResponseCodec.java:49)
at org.openqa.selenium.remote.HttpCommandExecutor.execute(HttpCommandExecutor.java:158)
at org.openqa.selenium.remote.service.DriverCommandExecutor.execute(DriverCommandExecutor.java:83)
at org.openqa.selenium.remote.RemoteWebDriver.execute(RemoteWebDriver.java:552)
at org.openqa.selenium.remote.RemoteWebDriver.findElement(RemoteWebDriver.java:323)
at org.openqa.selenium.remote.RemoteWebDriver.findElementByXPath(RemoteWebDriver.java:428)
at org.openqa.selenium.By$ByXPath.findElement(By.java:353)
at org.openqa.selenium.remote.RemoteWebDriver.findElement(RemoteWebDriver.java:315)
at filters.filter.testcase37(filter.java:1384)
at java.base/jdk.internal.reflect.NativeMethodAccessorImpl.invoke0(Native Method)
at java.base/jdk.internal.reflect.NativeMethodAccessorImpl.invoke(NativeMethodAccessorImpl.java:78)
at java.base/jdk.internal.reflect.DelegatingMethodAccessorImpl.invoke(DelegatingMethodAccessorImpl.java:43)
at java.base/java.lang.reflect.Method.invoke(Method.java:567)
at org.testng.internal.MethodInvocationHelper.invokeMethod(MethodInvocationHelper.java:133)
at org.testng.internal.TestInvoker.invokeMethod(TestInvoker.java:598)
at org.testng.internal.TestInvoker.invokeTestMethod(TestInvoker.java:173)
at org.testng.internal.MethodRunner.runInSequence(MethodRunner.java:46)
at org.testng.internal.TestInvoker$MethodInvocationAgent.invoke(TestInvoker.java:824)
at org.testng.internal.TestInvoker.invokeTestMethods(TestInvoker.java:146)
at org.testng.internal.TestMethodWorker.invokeTestMethods(TestMethodWorker.java:146)
at org.testng.internal.TestMethodWorker.run(TestMethodWorker.java:128)
at java.base/java.util.ArrayList.forEach(ArrayList.java:1511)
at org.testng.TestRunner.privateRun(TestRunner.java:794)
at org.testng.TestRunner.run(TestRunner.java:596)
at org.testng.SuiteRunner.runTest(SuiteRunner.java:377)
at org.testng.SuiteRunner.runSequentially(SuiteRunner.java:371)
at org.testng.SuiteRunner.privateRun(SuiteRunner.java:332)
at org.testng.SuiteRunner.run(SuiteRunner.java:276)
at org.testng.SuiteRunnerWorker.runSuite(SuiteRunnerWorker.java:53)
at org.testng.SuiteRunnerWorker.run(SuiteRunnerWorker.java:96)
at org.testng.TestNG.runSuitesSequentially(TestNG.java:1212)
at org.testng.TestNG.runSuitesLocally(TestNG.java:1134)
at org.testng.TestNG.runSuites(TestNG.java:1063)
at org.testng.TestNG.run(TestNG.java:1031)
at org.testng.remote.AbstractRemoteTestNG.run(AbstractRemoteTestNG.java:115)
at org.testng.remote.RemoteTestNG.initAndRun(RemoteTestNG.java:251)
at org.testng.remote.RemoteTestNG.main(RemoteTestNG.java:77)
]]>
    </error>
  </testcase> <!-- testcase37 -->
  <system-out/>
  <testcase classname="filters.filter" name="testcase12" time="17.308"/>
  <system-out/>
  <testcase classname="filters.filter" name="test3" time="17.365"/>
  <system-out/>
  <testcase classname="filters.filter" name="testcase26" time="15.261"/>
  <system-out/>
  <testcase classname="filters.filter" name="testcase27" time="17.836"/>
  <system-out/>
  <testcase classname="filters.filter" name="testcase30" time="15.030"/>
  <system-out/>
  <testcase classname="filters.filter" name="testcase32" time="15.896"/>
  <system-out/>
  <testcase classname="filters.filter" name="testcase31" time="15.512"/>
  <system-out/>
</testsuite> <!-- filters.filter -->
