<?xml version="1.0" encoding="UTF-8"?>
<!-- Generated by org.testng.reporters.JUnitReportReporter -->
<testsuite hostname="ajay-singh-lodhi" failures="0" tests="21" name="controls.Trumpet" time="440.387" errors="1" timestamp="2023-04-11T19:19:36 IST" skipped="0">
  <testcase classname="controls.Trumpet" name="test13" time="21.960"/>
  <system-out/>
  <testcase classname="controls.Trumpet" name="test14" time="19.274"/>
  <system-out/>
  <testcase classname="controls.Trumpet" name="test02" time="16.324"/>
  <system-out/>
  <testcase classname="controls.Trumpet" name="test05" time="40.911"/>
  <system-out/>
  <testcase classname="controls.Trumpet" name="test16" time="22.574"/>
  <system-out/>
  <testcase classname="controls.Trumpet" name="test18" time="19.474"/>
  <system-out/>
  <testcase classname="controls.Trumpet" name="test19" time="18.301"/>
  <system-out/>
  <testcase classname="controls.Trumpet" name="test03" time="16.132"/>
  <system-out/>
  <testcase classname="controls.Trumpet" name="test20" time="19.255"/>
  <system-out/>
  <testcase classname="controls.Trumpet" name="test06" time="17.024"/>
  <system-out/>
  <testcase classname="controls.Trumpet" name="test00" time="26.936"/>
  <system-out/>
  <testcase classname="controls.Trumpet" name="test04" time="20.644"/>
  <system-out/>
  <testcase classname="controls.Trumpet" name="test10" time="17.511"/>
  <system-out/>
  <testcase classname="controls.Trumpet" name="test15" time="20.484"/>
  <system-out/>
  <testcase classname="controls.Trumpet" name="test09" time="24.028">
    <error message="element not interactable
  (Session info: chrome=107.0.5304.87)
Build info: version: &#039;3.141.59&#039;, revision: &#039;e82be7d358&#039;, time: &#039;2018-11-14T08:25:53&#039;
System info: host: &#039;ajay-singh-lodhi&#039;, ip: &#039;192.168.2.164&#039;, os.name: &#039;Linux&#039;, os.arch: &#039;amd64&#039;, os.version: &#039;4.15.0-197-generic&#039;, java.version: &#039;16.0.2&#039;
Driver info: org.openqa.selenium.chrome.ChromeDriver
Capabilities {acceptInsecureCerts: false, browserName: chrome, browserVersion: 107.0.5304.87, chrome: {chromedriverVersion: 107.0.5304.62 (1eec40d3a576..., userDataDir: /tmp/.com.google.Chrome.jKby5s}, goog:chromeOptions: {debuggerAddress: localhost:37521}, javascriptEnabled: true, networkConnectionEnabled: false, pageLoadStrategy: normal, platform: LINUX, platformName: LINUX, proxy: Proxy(), setWindowRect: true, strictFileInteractability: false, timeouts: {implicit: 0, pageLoad: 300000, script: 30000}, unhandledPromptBehavior: dismiss and notify, webauthn:extension:credBlob: true, webauthn:extension:largeBlob: true, webauthn:virtualAuthenticators: true}
Session ID: 982a61736c8f49bf46e2ef7c51d916f4" type="org.openqa.selenium.ElementNotInteractableException">
      <![CDATA[org.openqa.selenium.ElementNotInteractableException: element not interactable
  (Session info: chrome=107.0.5304.87)
Build info: version: '3.141.59', revision: 'e82be7d358', time: '2018-11-14T08:25:53'
System info: host: 'ajay-singh-lodhi', ip: '192.168.2.164', os.name: 'Linux', os.arch: 'amd64', os.version: '4.15.0-197-generic', java.version: '16.0.2'
Driver info: org.openqa.selenium.chrome.ChromeDriver
Capabilities {acceptInsecureCerts: false, browserName: chrome, browserVersion: 107.0.5304.87, chrome: {chromedriverVersion: 107.0.5304.62 (1eec40d3a576..., userDataDir: /tmp/.com.google.Chrome.jKby5s}, goog:chromeOptions: {debuggerAddress: localhost:37521}, javascriptEnabled: true, networkConnectionEnabled: false, pageLoadStrategy: normal, platform: LINUX, platformName: LINUX, proxy: Proxy(), setWindowRect: true, strictFileInteractability: false, timeouts: {implicit: 0, pageLoad: 300000, script: 30000}, unhandledPromptBehavior: dismiss and notify, webauthn:extension:credBlob: true, webauthn:extension:largeBlob: true, webauthn:virtualAuthenticators: true}
Session ID: 982a61736c8f49bf46e2ef7c51d916f4
at java.base/jdk.internal.reflect.NativeConstructorAccessorImpl.newInstance0(Native Method)
at java.base/jdk.internal.reflect.NativeConstructorAccessorImpl.newInstance(NativeConstructorAccessorImpl.java:78)
at java.base/jdk.internal.reflect.DelegatingConstructorAccessorImpl.newInstance(DelegatingConstructorAccessorImpl.java:45)
at java.base/java.lang.reflect.Constructor.newInstanceWithCaller(Constructor.java:499)
at java.base/java.lang.reflect.Constructor.newInstance(Constructor.java:480)
at org.openqa.selenium.remote.http.W3CHttpResponseCodec.createException(W3CHttpResponseCodec.java:187)
at org.openqa.selenium.remote.http.W3CHttpResponseCodec.decode(W3CHttpResponseCodec.java:122)
at org.openqa.selenium.remote.http.W3CHttpResponseCodec.decode(W3CHttpResponseCodec.java:49)
at org.openqa.selenium.remote.HttpCommandExecutor.execute(HttpCommandExecutor.java:158)
at org.openqa.selenium.remote.service.DriverCommandExecutor.execute(DriverCommandExecutor.java:83)
at org.openqa.selenium.remote.RemoteWebDriver.execute(RemoteWebDriver.java:552)
at org.openqa.selenium.remote.RemoteWebElement.execute(RemoteWebElement.java:285)
at org.openqa.selenium.remote.RemoteWebElement.click(RemoteWebElement.java:84)
at controls.Trumpet.test09(Trumpet.java:533)
at java.base/jdk.internal.reflect.NativeMethodAccessorImpl.invoke0(Native Method)
at java.base/jdk.internal.reflect.NativeMethodAccessorImpl.invoke(NativeMethodAccessorImpl.java:78)
at java.base/jdk.internal.reflect.DelegatingMethodAccessorImpl.invoke(DelegatingMethodAccessorImpl.java:43)
at java.base/java.lang.reflect.Method.invoke(Method.java:567)
at org.testng.internal.MethodInvocationHelper.invokeMethod(MethodInvocationHelper.java:133)
at org.testng.internal.TestInvoker.invokeMethod(TestInvoker.java:598)
at org.testng.internal.TestInvoker.invokeTestMethod(TestInvoker.java:173)
at org.testng.internal.MethodRunner.runInSequence(MethodRunner.java:46)
at org.testng.internal.TestInvoker$MethodInvocationAgent.invoke(TestInvoker.java:824)
at org.testng.internal.TestInvoker.invokeTestMethods(TestInvoker.java:146)
at org.testng.internal.TestMethodWorker.invokeTestMethods(TestMethodWorker.java:146)
at org.testng.internal.TestMethodWorker.run(TestMethodWorker.java:128)
at java.base/java.util.ArrayList.forEach(ArrayList.java:1511)
at org.testng.TestRunner.privateRun(TestRunner.java:794)
at org.testng.TestRunner.run(TestRunner.java:596)
at org.testng.SuiteRunner.runTest(SuiteRunner.java:377)
at org.testng.SuiteRunner.runSequentially(SuiteRunner.java:371)
at org.testng.SuiteRunner.privateRun(SuiteRunner.java:332)
at org.testng.SuiteRunner.run(SuiteRunner.java:276)
at org.testng.SuiteRunnerWorker.runSuite(SuiteRunnerWorker.java:53)
at org.testng.SuiteRunnerWorker.run(SuiteRunnerWorker.java:96)
at org.testng.TestNG.runSuitesSequentially(TestNG.java:1212)
at org.testng.TestNG.runSuitesLocally(TestNG.java:1134)
at org.testng.TestNG.runSuites(TestNG.java:1063)
at org.testng.TestNG.run(TestNG.java:1031)
at org.testng.remote.AbstractRemoteTestNG.run(AbstractRemoteTestNG.java:115)
at org.testng.remote.RemoteTestNG.initAndRun(RemoteTestNG.java:251)
at org.testng.remote.RemoteTestNG.main(RemoteTestNG.java:77)
]]>
    </error>
  </testcase> <!-- test09 -->
  <system-out/>
  <testcase classname="controls.Trumpet" name="test01" time="23.778"/>
  <system-out/>
  <testcase classname="controls.Trumpet" name="test08" time="19.227"/>
  <system-out/>
  <testcase classname="controls.Trumpet" name="test11" time="16.958"/>
  <system-out/>
  <testcase classname="controls.Trumpet" name="test12" time="20.839"/>
  <system-out/>
  <testcase classname="controls.Trumpet" name="test17" time="19.593"/>
  <system-out/>
  <testcase classname="controls.Trumpet" name="test07" time="19.160"/>
  <system-out/>
</testsuite> <!-- controls.Trumpet -->
