<?xml version="1.0" encoding="UTF-8"?>
<!-- Generated by org.testng.reporters.JUnitReportReporter -->
<testsuite hostname="ajay-singh-lodhi" failures="0" tests="44" name="GroupView.Groupsprofile" time="835.423" errors="1" timestamp="2022-08-03T19:14:33 IST" skipped="0">
  <testcase classname="GroupView.Groupsprofile" name="test28" time="19.917"/>
  <system-out/>
  <testcase classname="GroupView.Groupsprofile" name="test43" time="17.866"/>
  <system-out/>
  <testcase classname="GroupView.Groupsprofile" name="test07" time="17.709"/>
  <system-out/>
  <testcase classname="GroupView.Groupsprofile" name="test33" time="21.749"/>
  <system-out/>
  <testcase classname="GroupView.Groupsprofile" name="test12" time="14.786"/>
  <system-out/>
  <testcase classname="GroupView.Groupsprofile" name="test03" time="16.592"/>
  <system-out/>
  <testcase classname="GroupView.Groupsprofile" name="test26" time="16.554"/>
  <system-out/>
  <testcase classname="GroupView.Groupsprofile" name="test16" time="15.123"/>
  <system-out/>
  <testcase classname="GroupView.Groupsprofile" name="test35" time="19.831"/>
  <system-out/>
  <testcase classname="GroupView.Groupsprofile" name="test21" time="19.740"/>
  <system-out/>
  <testcase classname="GroupView.Groupsprofile" name="test32" time="20.587"/>
  <system-out/>
  <testcase classname="GroupView.Groupsprofile" name="test19" time="19.737"/>
  <system-out/>
  <testcase classname="GroupView.Groupsprofile" name="test42" time="18.072"/>
  <system-out/>
  <testcase classname="GroupView.Groupsprofile" name="test11" time="16.523"/>
  <system-out/>
  <testcase classname="GroupView.Groupsprofile" name="test13" time="14.754"/>
  <system-out/>
  <testcase classname="GroupView.Groupsprofile" name="test29" time="19.231"/>
  <system-out/>
  <testcase classname="GroupView.Groupsprofile" name="test04" time="18.556"/>
  <system-out/>
  <testcase classname="GroupView.Groupsprofile" name="test23" time="19.225"/>
  <system-out/>
  <testcase classname="GroupView.Groupsprofile" name="test31" time="19.861"/>
  <system-out/>
  <testcase classname="GroupView.Groupsprofile" name="test25" time="19.006"/>
  <system-out/>
  <testcase classname="GroupView.Groupsprofile" name="test27" time="19.770"/>
  <system-out/>
  <testcase classname="GroupView.Groupsprofile" name="test17" time="25.758"/>
  <system-out/>
  <testcase classname="GroupView.Groupsprofile" name="test09" time="24.919"/>
  <system-out/>
  <testcase classname="GroupView.Groupsprofile" name="test41" time="19.294"/>
  <system-out/>
  <testcase classname="GroupView.Groupsprofile" name="test30" time="19.943"/>
  <system-out/>
  <testcase classname="GroupView.Groupsprofile" name="test24" time="19.842"/>
  <system-out/>
  <testcase classname="GroupView.Groupsprofile" name="test40" time="20.167"/>
  <system-out/>
  <testcase classname="GroupView.Groupsprofile" name="test39" time="22.531"/>
  <system-out/>
  <testcase classname="GroupView.Groupsprofile" name="test20" time="14.126">
    <error message="element not interactable: element has zero size
  (Session info: chrome=103.0.5060.114)
Build info: version: &#039;3.141.59&#039;, revision: &#039;e82be7d358&#039;, time: &#039;2018-11-14T08:25:53&#039;
System info: host: &#039;ajay-singh-lodhi&#039;, ip: &#039;192.168.2.157&#039;, os.name: &#039;Linux&#039;, os.arch: &#039;amd64&#039;, os.version: &#039;4.15.0-189-generic&#039;, java.version: &#039;16.0.2&#039;
Driver info: org.openqa.selenium.chrome.ChromeDriver
Capabilities {acceptInsecureCerts: false, browserName: chrome, browserVersion: 103.0.5060.114, chrome: {chromedriverVersion: 103.0.5060.134 (8ec6fce403b..., userDataDir: /tmp/.com.google.Chrome.Yz1DGL}, goog:chromeOptions: {debuggerAddress: localhost:43761}, javascriptEnabled: true, networkConnectionEnabled: false, pageLoadStrategy: normal, platform: LINUX, platformName: LINUX, proxy: Proxy(), setWindowRect: true, strictFileInteractability: false, timeouts: {implicit: 0, pageLoad: 300000, script: 30000}, unhandledPromptBehavior: dismiss and notify, webauthn:extension:credBlob: true, webauthn:extension:largeBlob: true, webauthn:virtualAuthenticators: true}
Session ID: 01d4fe23cb9f581e835063e12943ec66" type="org.openqa.selenium.ElementNotInteractableException">
      <![CDATA[org.openqa.selenium.ElementNotInteractableException: element not interactable: element has zero size
  (Session info: chrome=103.0.5060.114)
Build info: version: '3.141.59', revision: 'e82be7d358', time: '2018-11-14T08:25:53'
System info: host: 'ajay-singh-lodhi', ip: '192.168.2.157', os.name: 'Linux', os.arch: 'amd64', os.version: '4.15.0-189-generic', java.version: '16.0.2'
Driver info: org.openqa.selenium.chrome.ChromeDriver
Capabilities {acceptInsecureCerts: false, browserName: chrome, browserVersion: 103.0.5060.114, chrome: {chromedriverVersion: 103.0.5060.134 (8ec6fce403b..., userDataDir: /tmp/.com.google.Chrome.Yz1DGL}, goog:chromeOptions: {debuggerAddress: localhost:43761}, javascriptEnabled: true, networkConnectionEnabled: false, pageLoadStrategy: normal, platform: LINUX, platformName: LINUX, proxy: Proxy(), setWindowRect: true, strictFileInteractability: false, timeouts: {implicit: 0, pageLoad: 300000, script: 30000}, unhandledPromptBehavior: dismiss and notify, webauthn:extension:credBlob: true, webauthn:extension:largeBlob: true, webauthn:virtualAuthenticators: true}
Session ID: 01d4fe23cb9f581e835063e12943ec66
at java.base/jdk.internal.reflect.NativeConstructorAccessorImpl.newInstance0(Native Method)
at java.base/jdk.internal.reflect.NativeConstructorAccessorImpl.newInstance(NativeConstructorAccessorImpl.java:78)
at java.base/jdk.internal.reflect.DelegatingConstructorAccessorImpl.newInstance(DelegatingConstructorAccessorImpl.java:45)
at java.base/java.lang.reflect.Constructor.newInstanceWithCaller(Constructor.java:499)
at java.base/java.lang.reflect.Constructor.newInstance(Constructor.java:480)
at org.openqa.selenium.remote.http.W3CHttpResponseCodec.createException(W3CHttpResponseCodec.java:187)
at org.openqa.selenium.remote.http.W3CHttpResponseCodec.decode(W3CHttpResponseCodec.java:122)
at org.openqa.selenium.remote.http.W3CHttpResponseCodec.decode(W3CHttpResponseCodec.java:49)
at org.openqa.selenium.remote.HttpCommandExecutor.execute(HttpCommandExecutor.java:158)
at org.openqa.selenium.remote.service.DriverCommandExecutor.execute(DriverCommandExecutor.java:83)
at org.openqa.selenium.remote.RemoteWebDriver.execute(RemoteWebDriver.java:552)
at org.openqa.selenium.remote.RemoteWebElement.execute(RemoteWebElement.java:285)
at org.openqa.selenium.remote.RemoteWebElement.click(RemoteWebElement.java:84)
at GroupView.Groupsprofile.test20(Groupsprofile.java:890)
at java.base/jdk.internal.reflect.NativeMethodAccessorImpl.invoke0(Native Method)
at java.base/jdk.internal.reflect.NativeMethodAccessorImpl.invoke(NativeMethodAccessorImpl.java:78)
at java.base/jdk.internal.reflect.DelegatingMethodAccessorImpl.invoke(DelegatingMethodAccessorImpl.java:43)
at java.base/java.lang.reflect.Method.invoke(Method.java:567)
at org.testng.internal.MethodInvocationHelper.invokeMethod(MethodInvocationHelper.java:133)
at org.testng.internal.TestInvoker.invokeMethod(TestInvoker.java:598)
at org.testng.internal.TestInvoker.invokeTestMethod(TestInvoker.java:173)
at org.testng.internal.MethodRunner.runInSequence(MethodRunner.java:46)
at org.testng.internal.TestInvoker$MethodInvocationAgent.invoke(TestInvoker.java:824)
at org.testng.internal.TestInvoker.invokeTestMethods(TestInvoker.java:146)
at org.testng.internal.TestMethodWorker.invokeTestMethods(TestMethodWorker.java:146)
at org.testng.internal.TestMethodWorker.run(TestMethodWorker.java:128)
at java.base/java.util.ArrayList.forEach(ArrayList.java:1511)
at org.testng.TestRunner.privateRun(TestRunner.java:794)
at org.testng.TestRunner.run(TestRunner.java:596)
at org.testng.SuiteRunner.runTest(SuiteRunner.java:377)
at org.testng.SuiteRunner.runSequentially(SuiteRunner.java:371)
at org.testng.SuiteRunner.privateRun(SuiteRunner.java:332)
at org.testng.SuiteRunner.run(SuiteRunner.java:276)
at org.testng.SuiteRunnerWorker.runSuite(SuiteRunnerWorker.java:53)
at org.testng.SuiteRunnerWorker.run(SuiteRunnerWorker.java:96)
at org.testng.TestNG.runSuitesSequentially(TestNG.java:1212)
at org.testng.TestNG.runSuitesLocally(TestNG.java:1134)
at org.testng.TestNG.runSuites(TestNG.java:1063)
at org.testng.TestNG.run(TestNG.java:1031)
at org.testng.remote.AbstractRemoteTestNG.run(AbstractRemoteTestNG.java:115)
at org.testng.remote.RemoteTestNG.initAndRun(RemoteTestNG.java:251)
at org.testng.remote.RemoteTestNG.main(RemoteTestNG.java:77)
]]>
    </error>
  </testcase> <!-- test20 -->
  <system-out/>
  <testcase classname="GroupView.Groupsprofile" name="test10" time="16.396"/>
  <system-out/>
  <testcase classname="GroupView.Groupsprofile" name="test36" time="20.773"/>
  <system-out/>
  <testcase classname="GroupView.Groupsprofile" name="test01" time="14.807"/>
  <system-out/>
  <testcase classname="GroupView.Groupsprofile" name="test14" time="17.237"/>
  <system-out/>
  <testcase classname="GroupView.Groupsprofile" name="test37" time="20.512"/>
  <system-out/>
  <testcase classname="GroupView.Groupsprofile" name="test06" time="17.427"/>
  <system-out/>
  <testcase classname="GroupView.Groupsprofile" name="test18" time="25.366"/>
  <system-out/>
  <testcase classname="GroupView.Groupsprofile" name="test15" time="15.304"/>
  <system-out/>
  <testcase classname="GroupView.Groupsprofile" name="test22" time="19.807"/>
  <system-out/>
  <testcase classname="GroupView.Groupsprofile" name="test00" time="14.303"/>
  <system-out/>
  <testcase classname="GroupView.Groupsprofile" name="test38" time="20.654"/>
  <system-out/>
  <testcase classname="GroupView.Groupsprofile" name="test02" time="16.389"/>
  <system-out/>
  <testcase classname="GroupView.Groupsprofile" name="test08" time="21.810"/>
  <system-out/>
  <testcase classname="GroupView.Groupsprofile" name="test34" time="24.929"/>
  <system-out/>
  <testcase classname="GroupView.Groupsprofile" name="test05" time="17.940"/>
  <system-out/>
</testsuite> <!-- GroupView.Groupsprofile -->
